2023-04-17 20:52:48.449  INFO 27616 --- [restartedMain] c.l.b.BootMybatisplusApplication         : Starting BootMybatisplusApplication on ironman with PID 27616 (D:\Learning\boot-parent\boot-mybatisplus\target\classes started by yuxh in D:\Learning\boot-parent)
2023-04-17 20:52:48.455  INFO 27616 --- [restartedMain] c.l.b.BootMybatisplusApplication         : No active profile set, falling back to default profiles: default
2023-04-17 20:52:48.547  INFO 27616 --- [restartedMain] .e.DevToolsPropertyDefaultsPostProcessor : Devtools property defaults active! Set 'spring.devtools.add-properties' to 'false' to disable
2023-04-17 20:52:48.548  INFO 27616 --- [restartedMain] .e.DevToolsPropertyDefaultsPostProcessor : For additional web related logging consider setting the 'logging.level.web' property to 'DEBUG'
2023-04-17 20:52:49.887  INFO 27616 --- [restartedMain] .s.d.r.c.RepositoryConfigurationDelegate : Bootstrapping Spring Data JDBC repositories in DEFAULT mode.
2023-04-17 20:52:49.912  INFO 27616 --- [restartedMain] .s.d.r.c.RepositoryConfigurationDelegate : Finished Spring Data repository scanning in 19ms. Found 0 JDBC repository interfaces.
2023-04-17 20:52:50.007 DEBUG 27616 --- [restartedMain] o.m.s.mapper.ClassPathMapperScanner      : Identified candidate component class: file [D:\Learning\boot-parent\boot-mybatisplus\target\classes\com\loserico\bootmybatisplus\mapper\ReadBookMapper.class]
2023-04-17 20:52:50.007 DEBUG 27616 --- [restartedMain] o.m.s.mapper.ClassPathMapperScanner      : Identified candidate component class: file [D:\Learning\boot-parent\boot-mybatisplus\target\classes\com\loserico\bootmybatisplus\mapper\UserMapper.class]
2023-04-17 20:52:50.008 DEBUG 27616 --- [restartedMain] o.m.s.mapper.ClassPathMapperScanner      : Creating MapperFactoryBean with name 'readBookMapper' and 'com.loserico.bootmybatisplus.mapper.ReadBookMapper' mapperInterface
2023-04-17 20:52:50.008 DEBUG 27616 --- [restartedMain] o.m.s.mapper.ClassPathMapperScanner      : Enabling autowire by type for MapperFactoryBean with name 'readBookMapper'.
2023-04-17 20:52:50.008 DEBUG 27616 --- [restartedMain] o.m.s.mapper.ClassPathMapperScanner      : Creating MapperFactoryBean with name 'userMapper' and 'com.loserico.bootmybatisplus.mapper.UserMapper' mapperInterface
2023-04-17 20:52:50.008 DEBUG 27616 --- [restartedMain] o.m.s.mapper.ClassPathMapperScanner      : Enabling autowire by type for MapperFactoryBean with name 'userMapper'.
2023-04-17 20:52:50.538  INFO 27616 --- [restartedMain] o.s.b.w.embedded.tomcat.TomcatWebServer  : Tomcat initialized with port(s): 8080 (http)
2023-04-17 20:52:50.548  INFO 27616 --- [restartedMain] o.apache.catalina.core.StandardService   : Starting service [Tomcat]
2023-04-17 20:52:50.548  INFO 27616 --- [restartedMain] org.apache.catalina.core.StandardEngine  : Starting Servlet engine: [Apache Tomcat/9.0.46]
2023-04-17 20:52:50.657  INFO 27616 --- [restartedMain] o.a.c.c.C.[Tomcat].[localhost].[/]       : Initializing Spring embedded WebApplicationContext
2023-04-17 20:52:50.657  INFO 27616 --- [restartedMain] w.s.c.ServletWebServerApplicationContext : Root WebApplicationContext: initialization completed in 2104 ms
2023-04-17 20:52:50.887  INFO 27616 --- [restartedMain] c.a.d.s.b.a.DruidDataSourceAutoConfigure : Init DruidDataSource
2023-04-17 20:52:56.891  INFO 27616 --- [restartedMain] com.alibaba.druid.pool.DruidDataSource   : {dataSource-1} inited
2023-04-17 20:52:56.959 DEBUG 27616 --- [restartedMain] c.b.m.core.MybatisConfiguration          : addMappedStatement: com.loserico.bootmybatisplus.mapper.ReadBookMapper.queryBookByName
2023-04-17 20:52:56.985 DEBUG 27616 --- [restartedMain] c.b.m.core.MybatisConfiguration          : addMappedStatement: com.loserico.bootmybatisplus.mapper.ReadBookMapper.insert
2023-04-17 20:52:56.988 DEBUG 27616 --- [restartedMain] c.b.m.core.MybatisConfiguration          : addMappedStatement: com.loserico.bootmybatisplus.mapper.ReadBookMapper.delete
2023-04-17 20:52:56.990 DEBUG 27616 --- [restartedMain] c.b.m.core.MybatisConfiguration          : addMappedStatement: com.loserico.bootmybatisplus.mapper.ReadBookMapper.deleteByMap
2023-04-17 20:52:56.992 DEBUG 27616 --- [restartedMain] c.b.m.core.MybatisConfiguration          : addMappedStatement: com.loserico.bootmybatisplus.mapper.ReadBookMapper.deleteById
2023-04-17 20:52:56.993 DEBUG 27616 --- [restartedMain] c.b.m.core.MybatisConfiguration          : addMappedStatement: com.loserico.bootmybatisplus.mapper.ReadBookMapper.deleteBatchIds
2023-04-17 20:52:56.995 DEBUG 27616 --- [restartedMain] c.b.m.core.MybatisConfiguration          : addMappedStatement: com.loserico.bootmybatisplus.mapper.ReadBookMapper.update
2023-04-17 20:52:56.996 DEBUG 27616 --- [restartedMain] c.b.m.core.MybatisConfiguration          : addMappedStatement: com.loserico.bootmybatisplus.mapper.ReadBookMapper.updateById
2023-04-17 20:52:56.997 DEBUG 27616 --- [restartedMain] c.b.m.core.MybatisConfiguration          : addMappedStatement: com.loserico.bootmybatisplus.mapper.ReadBookMapper.selectById
2023-04-17 20:52:56.998 DEBUG 27616 --- [restartedMain] c.b.m.core.MybatisConfiguration          : addMappedStatement: com.loserico.bootmybatisplus.mapper.ReadBookMapper.selectBatchIds
2023-04-17 20:52:56.998 DEBUG 27616 --- [restartedMain] c.b.m.core.MybatisConfiguration          : addMappedStatement: com.loserico.bootmybatisplus.mapper.ReadBookMapper.selectByMap
2023-04-17 20:52:57.000 DEBUG 27616 --- [restartedMain] c.b.m.core.MybatisConfiguration          : addMappedStatement: com.loserico.bootmybatisplus.mapper.ReadBookMapper.selectOne
2023-04-17 20:52:57.001 DEBUG 27616 --- [restartedMain] c.b.m.core.MybatisConfiguration          : addMappedStatement: com.loserico.bootmybatisplus.mapper.ReadBookMapper.selectCount
2023-04-17 20:52:57.002 DEBUG 27616 --- [restartedMain] c.b.m.core.MybatisConfiguration          : addMappedStatement: com.loserico.bootmybatisplus.mapper.ReadBookMapper.selectMaps
2023-04-17 20:52:57.003 DEBUG 27616 --- [restartedMain] c.b.m.core.MybatisConfiguration          : addMappedStatement: com.loserico.bootmybatisplus.mapper.ReadBookMapper.selectMapsPage
2023-04-17 20:52:57.005 DEBUG 27616 --- [restartedMain] c.b.m.core.MybatisConfiguration          : addMappedStatement: com.loserico.bootmybatisplus.mapper.ReadBookMapper.selectObjs
2023-04-17 20:52:57.006 DEBUG 27616 --- [restartedMain] c.b.m.core.MybatisConfiguration          : addMappedStatement: com.loserico.bootmybatisplus.mapper.ReadBookMapper.selectList
2023-04-17 20:52:57.007 DEBUG 27616 --- [restartedMain] c.b.m.core.MybatisConfiguration          : addMappedStatement: com.loserico.bootmybatisplus.mapper.ReadBookMapper.selectPage
2023-04-17 20:52:57.013 DEBUG 27616 --- [restartedMain] c.b.m.core.MybatisConfiguration          : addMappedStatement: com.loserico.bootmybatisplus.mapper.UserMapper.queryById
2023-04-17 20:52:57.014 DEBUG 27616 --- [restartedMain] c.b.m.core.MybatisConfiguration          : addMappedStatement: com.loserico.bootmybatisplus.mapper.UserMapper.insert
2023-04-17 20:52:57.015 DEBUG 27616 --- [restartedMain] c.b.m.core.MybatisConfiguration          : addMappedStatement: com.loserico.bootmybatisplus.mapper.UserMapper.delete
2023-04-17 20:52:57.016 DEBUG 27616 --- [restartedMain] c.b.m.core.MybatisConfiguration          : addMappedStatement: com.loserico.bootmybatisplus.mapper.UserMapper.deleteByMap
2023-04-17 20:52:57.017 DEBUG 27616 --- [restartedMain] c.b.m.core.MybatisConfiguration          : addMappedStatement: com.loserico.bootmybatisplus.mapper.UserMapper.deleteById
2023-04-17 20:52:57.017 DEBUG 27616 --- [restartedMain] c.b.m.core.MybatisConfiguration          : addMappedStatement: com.loserico.bootmybatisplus.mapper.UserMapper.deleteBatchIds
2023-04-17 20:52:57.018 DEBUG 27616 --- [restartedMain] c.b.m.core.MybatisConfiguration          : addMappedStatement: com.loserico.bootmybatisplus.mapper.UserMapper.update
2023-04-17 20:52:57.018 DEBUG 27616 --- [restartedMain] c.b.m.core.MybatisConfiguration          : addMappedStatement: com.loserico.bootmybatisplus.mapper.UserMapper.updateById
2023-04-17 20:52:57.019 DEBUG 27616 --- [restartedMain] c.b.m.core.MybatisConfiguration          : addMappedStatement: com.loserico.bootmybatisplus.mapper.UserMapper.selectById
2023-04-17 20:52:57.019 DEBUG 27616 --- [restartedMain] c.b.m.core.MybatisConfiguration          : addMappedStatement: com.loserico.bootmybatisplus.mapper.UserMapper.selectBatchIds
2023-04-17 20:52:57.020 DEBUG 27616 --- [restartedMain] c.b.m.core.MybatisConfiguration          : addMappedStatement: com.loserico.bootmybatisplus.mapper.UserMapper.selectByMap
2023-04-17 20:52:57.020 DEBUG 27616 --- [restartedMain] c.b.m.core.MybatisConfiguration          : addMappedStatement: com.loserico.bootmybatisplus.mapper.UserMapper.selectOne
2023-04-17 20:52:57.021 DEBUG 27616 --- [restartedMain] c.b.m.core.MybatisConfiguration          : addMappedStatement: com.loserico.bootmybatisplus.mapper.UserMapper.selectCount
2023-04-17 20:52:57.021 DEBUG 27616 --- [restartedMain] c.b.m.core.MybatisConfiguration          : addMappedStatement: com.loserico.bootmybatisplus.mapper.UserMapper.selectMaps
2023-04-17 20:52:57.022 DEBUG 27616 --- [restartedMain] c.b.m.core.MybatisConfiguration          : addMappedStatement: com.loserico.bootmybatisplus.mapper.UserMapper.selectMapsPage
2023-04-17 20:52:57.023 DEBUG 27616 --- [restartedMain] c.b.m.core.MybatisConfiguration          : addMappedStatement: com.loserico.bootmybatisplus.mapper.UserMapper.selectObjs
2023-04-17 20:52:57.023 DEBUG 27616 --- [restartedMain] c.b.m.core.MybatisConfiguration          : addMappedStatement: com.loserico.bootmybatisplus.mapper.UserMapper.selectList
2023-04-17 20:52:57.024 DEBUG 27616 --- [restartedMain] c.b.m.core.MybatisConfiguration          : addMappedStatement: com.loserico.bootmybatisplus.mapper.UserMapper.selectPage
2023-04-17 20:52:57.700  INFO 27616 --- [restartedMain] o.s.s.concurrent.ThreadPoolTaskExecutor  : Initializing ExecutorService 'applicationTaskExecutor'
2023-04-17 20:52:57.949  INFO 27616 --- [restartedMain] o.s.b.d.a.OptionalLiveReloadServer       : LiveReload server is running on port 35729
2023-04-17 20:52:57.953  INFO 27616 --- [restartedMain] o.s.b.a.e.web.EndpointLinksResolver      : Exposing 2 endpoint(s) beneath base path '/actuator'
2023-04-17 20:52:57.992  INFO 27616 --- [restartedMain] o.s.b.w.embedded.tomcat.TomcatWebServer  : Tomcat started on port(s): 8080 (http) with context path ''
2023-04-17 20:52:58.018  INFO 27616 --- [restartedMain] c.l.b.BootMybatisplusApplication         : Started BootMybatisplusApplication in 10.237 seconds (JVM running for 12.077)
2023-04-17 20:52:58.597  INFO 27616 --- [RMI TCP Connection(2)-192.168.2.237] o.a.c.c.C.[Tomcat].[localhost].[/]       : Initializing Spring DispatcherServlet 'dispatcherServlet'
2023-04-17 20:52:58.597  INFO 27616 --- [RMI TCP Connection(2)-192.168.2.237] o.s.web.servlet.DispatcherServlet        : Initializing Servlet 'dispatcherServlet'
2023-04-17 20:52:58.602  INFO 27616 --- [RMI TCP Connection(2)-192.168.2.237] o.s.web.servlet.DispatcherServlet        : Completed initialization in 5 ms
2023-04-17 20:58:10.271  INFO 27616 --- [SpringContextShutdownHook] o.s.s.concurrent.ThreadPoolTaskExecutor  : Shutting down ExecutorService 'applicationTaskExecutor'
2023-04-17 20:58:10.272  INFO 27616 --- [SpringContextShutdownHook] com.alibaba.druid.pool.DruidDataSource   : {dataSource-1} closing ...
2023-04-17 20:58:10.276  INFO 27616 --- [SpringContextShutdownHook] com.alibaba.druid.pool.DruidDataSource   : {dataSource-1} closed
2023-04-17 20:58:26.591  INFO 23412 --- [restartedMain] c.l.b.BootMybatisplusApplication         : Starting BootMybatisplusApplication on ironman with PID 23412 (D:\Learning\boot-parent\boot-mybatisplus\target\classes started by yuxh in D:\Learning\boot-parent)
2023-04-17 20:58:26.597  INFO 23412 --- [restartedMain] c.l.b.BootMybatisplusApplication         : No active profile set, falling back to default profiles: default
2023-04-17 20:58:26.709  INFO 23412 --- [restartedMain] .e.DevToolsPropertyDefaultsPostProcessor : Devtools property defaults active! Set 'spring.devtools.add-properties' to 'false' to disable
2023-04-17 20:58:26.709  INFO 23412 --- [restartedMain] .e.DevToolsPropertyDefaultsPostProcessor : For additional web related logging consider setting the 'logging.level.web' property to 'DEBUG'
2023-04-17 20:58:28.498  INFO 23412 --- [restartedMain] .s.d.r.c.RepositoryConfigurationDelegate : Bootstrapping Spring Data JDBC repositories in DEFAULT mode.
2023-04-17 20:58:28.534  INFO 23412 --- [restartedMain] .s.d.r.c.RepositoryConfigurationDelegate : Finished Spring Data repository scanning in 27ms. Found 0 JDBC repository interfaces.
2023-04-17 20:58:28.658 DEBUG 23412 --- [restartedMain] o.m.s.mapper.ClassPathMapperScanner      : Identified candidate component class: file [D:\Learning\boot-parent\boot-mybatisplus\target\classes\com\loserico\bootmybatisplus\mapper\ReadBookMapper.class]
2023-04-17 20:58:28.659 DEBUG 23412 --- [restartedMain] o.m.s.mapper.ClassPathMapperScanner      : Identified candidate component class: file [D:\Learning\boot-parent\boot-mybatisplus\target\classes\com\loserico\bootmybatisplus\mapper\UserMapper.class]
2023-04-17 20:58:28.660 DEBUG 23412 --- [restartedMain] o.m.s.mapper.ClassPathMapperScanner      : Creating MapperFactoryBean with name 'readBookMapper' and 'com.loserico.bootmybatisplus.mapper.ReadBookMapper' mapperInterface
2023-04-17 20:58:28.660 DEBUG 23412 --- [restartedMain] o.m.s.mapper.ClassPathMapperScanner      : Enabling autowire by type for MapperFactoryBean with name 'readBookMapper'.
2023-04-17 20:58:28.660 DEBUG 23412 --- [restartedMain] o.m.s.mapper.ClassPathMapperScanner      : Creating MapperFactoryBean with name 'userMapper' and 'com.loserico.bootmybatisplus.mapper.UserMapper' mapperInterface
2023-04-17 20:58:28.660 DEBUG 23412 --- [restartedMain] o.m.s.mapper.ClassPathMapperScanner      : Enabling autowire by type for MapperFactoryBean with name 'userMapper'.
2023-04-17 20:58:29.209  INFO 23412 --- [restartedMain] o.s.b.w.embedded.tomcat.TomcatWebServer  : Tomcat initialized with port(s): 8080 (http)
2023-04-17 20:58:29.218  INFO 23412 --- [restartedMain] o.apache.catalina.core.StandardService   : Starting service [Tomcat]
2023-04-17 20:58:29.219  INFO 23412 --- [restartedMain] org.apache.catalina.core.StandardEngine  : Starting Servlet engine: [Apache Tomcat/9.0.46]
2023-04-17 20:58:29.316  INFO 23412 --- [restartedMain] o.a.c.c.C.[Tomcat].[localhost].[/]       : Initializing Spring embedded WebApplicationContext
2023-04-17 20:58:29.316  INFO 23412 --- [restartedMain] w.s.c.ServletWebServerApplicationContext : Root WebApplicationContext: initialization completed in 2604 ms
2023-04-17 20:58:29.554  INFO 23412 --- [restartedMain] c.a.d.s.b.a.DruidDataSourceAutoConfigure : Init DruidDataSource
2023-04-17 20:58:35.329  INFO 23412 --- [restartedMain] com.alibaba.druid.pool.DruidDataSource   : {dataSource-1} inited
2023-04-17 20:58:35.403 DEBUG 23412 --- [restartedMain] c.b.m.core.MybatisConfiguration          : addMappedStatement: com.loserico.bootmybatisplus.mapper.ReadBookMapper.queryBookByName
2023-04-17 20:58:35.434 DEBUG 23412 --- [restartedMain] c.b.m.core.MybatisConfiguration          : addMappedStatement: com.loserico.bootmybatisplus.mapper.ReadBookMapper.insert
2023-04-17 20:58:35.437 DEBUG 23412 --- [restartedMain] c.b.m.core.MybatisConfiguration          : addMappedStatement: com.loserico.bootmybatisplus.mapper.ReadBookMapper.delete
2023-04-17 20:58:35.439 DEBUG 23412 --- [restartedMain] c.b.m.core.MybatisConfiguration          : addMappedStatement: com.loserico.bootmybatisplus.mapper.ReadBookMapper.deleteByMap
2023-04-17 20:58:35.441 DEBUG 23412 --- [restartedMain] c.b.m.core.MybatisConfiguration          : addMappedStatement: com.loserico.bootmybatisplus.mapper.ReadBookMapper.deleteById
2023-04-17 20:58:35.442 DEBUG 23412 --- [restartedMain] c.b.m.core.MybatisConfiguration          : addMappedStatement: com.loserico.bootmybatisplus.mapper.ReadBookMapper.deleteBatchIds
2023-04-17 20:58:35.445 DEBUG 23412 --- [restartedMain] c.b.m.core.MybatisConfiguration          : addMappedStatement: com.loserico.bootmybatisplus.mapper.ReadBookMapper.update
2023-04-17 20:58:35.448 DEBUG 23412 --- [restartedMain] c.b.m.core.MybatisConfiguration          : addMappedStatement: com.loserico.bootmybatisplus.mapper.ReadBookMapper.updateById
2023-04-17 20:58:35.449 DEBUG 23412 --- [restartedMain] c.b.m.core.MybatisConfiguration          : addMappedStatement: com.loserico.bootmybatisplus.mapper.ReadBookMapper.selectById
2023-04-17 20:58:35.450 DEBUG 23412 --- [restartedMain] c.b.m.core.MybatisConfiguration          : addMappedStatement: com.loserico.bootmybatisplus.mapper.ReadBookMapper.selectBatchIds
2023-04-17 20:58:35.451 DEBUG 23412 --- [restartedMain] c.b.m.core.MybatisConfiguration          : addMappedStatement: com.loserico.bootmybatisplus.mapper.ReadBookMapper.selectByMap
2023-04-17 20:58:35.452 DEBUG 23412 --- [restartedMain] c.b.m.core.MybatisConfiguration          : addMappedStatement: com.loserico.bootmybatisplus.mapper.ReadBookMapper.selectOne
2023-04-17 20:58:35.453 DEBUG 23412 --- [restartedMain] c.b.m.core.MybatisConfiguration          : addMappedStatement: com.loserico.bootmybatisplus.mapper.ReadBookMapper.selectCount
2023-04-17 20:58:35.454 DEBUG 23412 --- [restartedMain] c.b.m.core.MybatisConfiguration          : addMappedStatement: com.loserico.bootmybatisplus.mapper.ReadBookMapper.selectMaps
2023-04-17 20:58:35.455 DEBUG 23412 --- [restartedMain] c.b.m.core.MybatisConfiguration          : addMappedStatement: com.loserico.bootmybatisplus.mapper.ReadBookMapper.selectMapsPage
2023-04-17 20:58:35.456 DEBUG 23412 --- [restartedMain] c.b.m.core.MybatisConfiguration          : addMappedStatement: com.loserico.bootmybatisplus.mapper.ReadBookMapper.selectObjs
2023-04-17 20:58:35.458 DEBUG 23412 --- [restartedMain] c.b.m.core.MybatisConfiguration          : addMappedStatement: com.loserico.bootmybatisplus.mapper.ReadBookMapper.selectList
2023-04-17 20:58:35.459 DEBUG 23412 --- [restartedMain] c.b.m.core.MybatisConfiguration          : addMappedStatement: com.loserico.bootmybatisplus.mapper.ReadBookMapper.selectPage
2023-04-17 20:58:35.463 DEBUG 23412 --- [restartedMain] c.b.m.core.MybatisConfiguration          : addMappedStatement: com.loserico.bootmybatisplus.mapper.UserMapper.queryById
2023-04-17 20:58:35.465 DEBUG 23412 --- [restartedMain] c.b.m.core.MybatisConfiguration          : addMappedStatement: com.loserico.bootmybatisplus.mapper.UserMapper.insert
2023-04-17 20:58:35.466 DEBUG 23412 --- [restartedMain] c.b.m.core.MybatisConfiguration          : addMappedStatement: com.loserico.bootmybatisplus.mapper.UserMapper.delete
2023-04-17 20:58:35.467 DEBUG 23412 --- [restartedMain] c.b.m.core.MybatisConfiguration          : addMappedStatement: com.loserico.bootmybatisplus.mapper.UserMapper.deleteByMap
2023-04-17 20:58:35.468 DEBUG 23412 --- [restartedMain] c.b.m.core.MybatisConfiguration          : addMappedStatement: com.loserico.bootmybatisplus.mapper.UserMapper.deleteById
2023-04-17 20:58:35.469 DEBUG 23412 --- [restartedMain] c.b.m.core.MybatisConfiguration          : addMappedStatement: com.loserico.bootmybatisplus.mapper.UserMapper.deleteBatchIds
2023-04-17 20:58:35.469 DEBUG 23412 --- [restartedMain] c.b.m.core.MybatisConfiguration          : addMappedStatement: com.loserico.bootmybatisplus.mapper.UserMapper.update
2023-04-17 20:58:35.470 DEBUG 23412 --- [restartedMain] c.b.m.core.MybatisConfiguration          : addMappedStatement: com.loserico.bootmybatisplus.mapper.UserMapper.updateById
2023-04-17 20:58:35.470 DEBUG 23412 --- [restartedMain] c.b.m.core.MybatisConfiguration          : addMappedStatement: com.loserico.bootmybatisplus.mapper.UserMapper.selectById
2023-04-17 20:58:35.471 DEBUG 23412 --- [restartedMain] c.b.m.core.MybatisConfiguration          : addMappedStatement: com.loserico.bootmybatisplus.mapper.UserMapper.selectBatchIds
2023-04-17 20:58:35.472 DEBUG 23412 --- [restartedMain] c.b.m.core.MybatisConfiguration          : addMappedStatement: com.loserico.bootmybatisplus.mapper.UserMapper.selectByMap
2023-04-17 20:58:35.472 DEBUG 23412 --- [restartedMain] c.b.m.core.MybatisConfiguration          : addMappedStatement: com.loserico.bootmybatisplus.mapper.UserMapper.selectOne
2023-04-17 20:58:35.473 DEBUG 23412 --- [restartedMain] c.b.m.core.MybatisConfiguration          : addMappedStatement: com.loserico.bootmybatisplus.mapper.UserMapper.selectCount
2023-04-17 20:58:35.474 DEBUG 23412 --- [restartedMain] c.b.m.core.MybatisConfiguration          : addMappedStatement: com.loserico.bootmybatisplus.mapper.UserMapper.selectMaps
2023-04-17 20:58:35.474 DEBUG 23412 --- [restartedMain] c.b.m.core.MybatisConfiguration          : addMappedStatement: com.loserico.bootmybatisplus.mapper.UserMapper.selectMapsPage
2023-04-17 20:58:35.475 DEBUG 23412 --- [restartedMain] c.b.m.core.MybatisConfiguration          : addMappedStatement: com.loserico.bootmybatisplus.mapper.UserMapper.selectObjs
2023-04-17 20:58:35.476 DEBUG 23412 --- [restartedMain] c.b.m.core.MybatisConfiguration          : addMappedStatement: com.loserico.bootmybatisplus.mapper.UserMapper.selectList
2023-04-17 20:58:35.476 DEBUG 23412 --- [restartedMain] c.b.m.core.MybatisConfiguration          : addMappedStatement: com.loserico.bootmybatisplus.mapper.UserMapper.selectPage
2023-04-17 20:58:36.281  INFO 23412 --- [restartedMain] o.s.s.concurrent.ThreadPoolTaskExecutor  : Initializing ExecutorService 'applicationTaskExecutor'
2023-04-17 20:58:36.577  INFO 23412 --- [restartedMain] o.s.b.d.a.OptionalLiveReloadServer       : LiveReload server is running on port 35729
2023-04-17 20:58:36.584  INFO 23412 --- [restartedMain] o.s.b.a.e.web.EndpointLinksResolver      : Exposing 2 endpoint(s) beneath base path '/actuator'
2023-04-17 20:58:36.629  INFO 23412 --- [restartedMain] o.s.b.w.embedded.tomcat.TomcatWebServer  : Tomcat started on port(s): 8080 (http) with context path ''
2023-04-17 20:58:36.659  INFO 23412 --- [restartedMain] c.l.b.BootMybatisplusApplication         : Started BootMybatisplusApplication in 10.926 seconds (JVM running for 12.776)
2023-04-17 20:58:38.020  INFO 23412 --- [RMI TCP Connection(3)-192.168.2.237] o.a.c.c.C.[Tomcat].[localhost].[/]       : Initializing Spring DispatcherServlet 'dispatcherServlet'
2023-04-17 20:58:38.020  INFO 23412 --- [RMI TCP Connection(3)-192.168.2.237] o.s.web.servlet.DispatcherServlet        : Initializing Servlet 'dispatcherServlet'
2023-04-17 20:58:38.028  INFO 23412 --- [RMI TCP Connection(3)-192.168.2.237] o.s.web.servlet.DispatcherServlet        : Completed initialization in 7 ms
2023-04-17 20:59:30.852 ERROR 23412 --- [http-nio-8080-exec-1] o.a.c.c.C.[.[.[/].[dispatcherServlet]    : Servlet.service() for servlet [dispatcherServlet] in context with path [] threw exception [Request processing failed; nested exception is org.springframework.jdbc.BadSqlGrammarException: 
### Error updating database.  Cause: java.sql.SQLSyntaxErrorException: Unknown column 'create_time' in 'field list'
### The error may exist in com/loserico/bootmybatisplus/mapper/UserMapper.java (best guess)
### The error may involve com.loserico.bootmybatisplus.mapper.UserMapper.insert-Inline
### The error occurred while setting parameters
### SQL: INSERT INTO user  ( id, name, gendle, create_time, update_time )  VALUES  ( ?, ?, ?, ?, ? )
### Cause: java.sql.SQLSyntaxErrorException: Unknown column 'create_time' in 'field list'
; bad SQL grammar []; nested exception is java.sql.SQLSyntaxErrorException: Unknown column 'create_time' in 'field list'] with root cause

java.sql.SQLSyntaxErrorException: Unknown column 'create_time' in 'field list'
	at com.mysql.cj.jdbc.exceptions.SQLError.createSQLException(SQLError.java:120) ~[mysql-connector-java-8.0.25.jar:8.0.25]
	at com.mysql.cj.jdbc.exceptions.SQLExceptionsMapping.translateException(SQLExceptionsMapping.java:122) ~[mysql-connector-java-8.0.25.jar:8.0.25]
	at com.mysql.cj.jdbc.ClientPreparedStatement.executeInternal(ClientPreparedStatement.java:953) ~[mysql-connector-java-8.0.25.jar:8.0.25]
	at com.mysql.cj.jdbc.ClientPreparedStatement.execute(ClientPreparedStatement.java:370) ~[mysql-connector-java-8.0.25.jar:8.0.25]
	at com.alibaba.druid.filter.FilterChainImpl.preparedStatement_execute(FilterChainImpl.java:3461) ~[druid-1.1.22.jar:1.1.22]
	at com.alibaba.druid.filter.FilterEventAdapter.preparedStatement_execute(FilterEventAdapter.java:440) ~[druid-1.1.22.jar:1.1.22]
	at com.alibaba.druid.filter.FilterChainImpl.preparedStatement_execute(FilterChainImpl.java:3459) ~[druid-1.1.22.jar:1.1.22]
	at com.alibaba.druid.proxy.jdbc.PreparedStatementProxyImpl.execute(PreparedStatementProxyImpl.java:167) ~[druid-1.1.22.jar:1.1.22]
	at com.alibaba.druid.pool.DruidPooledPreparedStatement.execute(DruidPooledPreparedStatement.java:497) ~[druid-1.1.22.jar:1.1.22]
	at sun.reflect.NativeMethodAccessorImpl.invoke0(Native Method) ~[na:1.8.0_251]
	at sun.reflect.NativeMethodAccessorImpl.invoke(NativeMethodAccessorImpl.java:62) ~[na:1.8.0_251]
	at sun.reflect.DelegatingMethodAccessorImpl.invoke(DelegatingMethodAccessorImpl.java:43) ~[na:1.8.0_251]
	at java.lang.reflect.Method.invoke(Method.java:498) ~[na:1.8.0_251]
	at org.apache.ibatis.logging.jdbc.PreparedStatementLogger.invoke(PreparedStatementLogger.java:59) ~[mybatis-3.5.4.jar:3.5.4]
	at com.sun.proxy.$Proxy118.execute(Unknown Source) ~[na:na]
	at org.apache.ibatis.executor.statement.PreparedStatementHandler.update(PreparedStatementHandler.java:47) ~[mybatis-3.5.4.jar:3.5.4]
	at org.apache.ibatis.executor.statement.RoutingStatementHandler.update(RoutingStatementHandler.java:74) ~[mybatis-3.5.4.jar:3.5.4]
	at sun.reflect.NativeMethodAccessorImpl.invoke0(Native Method) ~[na:1.8.0_251]
	at sun.reflect.NativeMethodAccessorImpl.invoke(NativeMethodAccessorImpl.java:62) ~[na:1.8.0_251]
	at sun.reflect.DelegatingMethodAccessorImpl.invoke(DelegatingMethodAccessorImpl.java:43) ~[na:1.8.0_251]
	at java.lang.reflect.Method.invoke(Method.java:498) ~[na:1.8.0_251]
	at org.apache.ibatis.plugin.Plugin.invoke(Plugin.java:63) ~[mybatis-3.5.4.jar:3.5.4]
	at com.sun.proxy.$Proxy116.update(Unknown Source) ~[na:na]
	at com.baomidou.mybatisplus.core.executor.MybatisSimpleExecutor.doUpdate(MybatisSimpleExecutor.java:54) ~[mybatis-plus-core-3.3.2.jar:3.3.2]
	at org.apache.ibatis.executor.BaseExecutor.update(BaseExecutor.java:117) ~[mybatis-3.5.4.jar:3.5.4]
	at com.baomidou.mybatisplus.core.executor.MybatisCachingExecutor.update(MybatisCachingExecutor.java:83) ~[mybatis-plus-core-3.3.2.jar:3.3.2]
	at org.apache.ibatis.session.defaults.DefaultSqlSession.update(DefaultSqlSession.java:197) ~[mybatis-3.5.4.jar:3.5.4]
	at org.apache.ibatis.session.defaults.DefaultSqlSession.insert(DefaultSqlSession.java:184) ~[mybatis-3.5.4.jar:3.5.4]
	at sun.reflect.NativeMethodAccessorImpl.invoke0(Native Method) ~[na:1.8.0_251]
	at sun.reflect.NativeMethodAccessorImpl.invoke(NativeMethodAccessorImpl.java:62) ~[na:1.8.0_251]
	at sun.reflect.DelegatingMethodAccessorImpl.invoke(DelegatingMethodAccessorImpl.java:43) ~[na:1.8.0_251]
	at java.lang.reflect.Method.invoke(Method.java:498) ~[na:1.8.0_251]
	at org.mybatis.spring.SqlSessionTemplate$SqlSessionInterceptor.invoke(SqlSessionTemplate.java:426) ~[mybatis-spring-2.0.4.jar:2.0.4]
	at com.sun.proxy.$Proxy91.insert(Unknown Source) ~[na:na]
	at org.mybatis.spring.SqlSessionTemplate.insert(SqlSessionTemplate.java:271) ~[mybatis-spring-2.0.4.jar:2.0.4]
	at com.baomidou.mybatisplus.core.override.MybatisMapperMethod.execute(MybatisMapperMethod.java:60) ~[mybatis-plus-core-3.3.2.jar:3.3.2]
	at com.baomidou.mybatisplus.core.override.MybatisMapperProxy.invoke(MybatisMapperProxy.java:96) ~[mybatis-plus-core-3.3.2.jar:3.3.2]
	at com.sun.proxy.$Proxy94.insert(Unknown Source) ~[na:na]
	at com.loserico.bootmybatisplus.service.impl.UserServiceImpl.createUser(UserServiceImpl.java:37) ~[classes/:na]
	at com.loserico.bootmybatisplus.service.impl.UserServiceImpl$$FastClassBySpringCGLIB$$5211dcb1.invoke(<generated>) ~[classes/:na]
	at org.springframework.cglib.proxy.MethodProxy.invoke(MethodProxy.java:218) ~[spring-core-5.2.15.RELEASE.jar:5.2.15.RELEASE]
	at org.springframework.aop.framework.CglibAopProxy$CglibMethodInvocation.invokeJoinpoint(CglibAopProxy.java:779) ~[spring-aop-5.2.15.RELEASE.jar:5.2.15.RELEASE]
	at org.springframework.aop.framework.ReflectiveMethodInvocation.proceed(ReflectiveMethodInvocation.java:163) ~[spring-aop-5.2.15.RELEASE.jar:5.2.15.RELEASE]
	at org.springframework.aop.framework.CglibAopProxy$CglibMethodInvocation.proceed(CglibAopProxy.java:750) ~[spring-aop-5.2.15.RELEASE.jar:5.2.15.RELEASE]
	at org.springframework.transaction.interceptor.TransactionAspectSupport.invokeWithinTransaction(TransactionAspectSupport.java:367) ~[spring-tx-5.2.15.RELEASE.jar:5.2.15.RELEASE]
	at org.springframework.transaction.interceptor.TransactionInterceptor.invoke(TransactionInterceptor.java:118) ~[spring-tx-5.2.15.RELEASE.jar:5.2.15.RELEASE]
	at org.springframework.aop.framework.ReflectiveMethodInvocation.proceed(ReflectiveMethodInvocation.java:186) ~[spring-aop-5.2.15.RELEASE.jar:5.2.15.RELEASE]
	at org.springframework.aop.framework.CglibAopProxy$CglibMethodInvocation.proceed(CglibAopProxy.java:750) ~[spring-aop-5.2.15.RELEASE.jar:5.2.15.RELEASE]
	at org.springframework.aop.framework.CglibAopProxy$DynamicAdvisedInterceptor.intercept(CglibAopProxy.java:692) ~[spring-aop-5.2.15.RELEASE.jar:5.2.15.RELEASE]
	at com.loserico.bootmybatisplus.service.impl.UserServiceImpl$$EnhancerBySpringCGLIB$$7d153abb.createUser(<generated>) ~[classes/:na]
	at com.loserico.bootmybatisplus.controller.UserController.createUser(UserController.java:32) ~[classes/:na]
	at sun.reflect.NativeMethodAccessorImpl.invoke0(Native Method) ~[na:1.8.0_251]
	at sun.reflect.NativeMethodAccessorImpl.invoke(NativeMethodAccessorImpl.java:62) ~[na:1.8.0_251]
	at sun.reflect.DelegatingMethodAccessorImpl.invoke(DelegatingMethodAccessorImpl.java:43) ~[na:1.8.0_251]
	at java.lang.reflect.Method.invoke(Method.java:498) ~[na:1.8.0_251]
	at org.springframework.web.method.support.InvocableHandlerMethod.doInvoke(InvocableHandlerMethod.java:190) ~[spring-web-5.2.15.RELEASE.jar:5.2.15.RELEASE]
	at org.springframework.web.method.support.InvocableHandlerMethod.invokeForRequest(InvocableHandlerMethod.java:138) ~[spring-web-5.2.15.RELEASE.jar:5.2.15.RELEASE]
	at org.springframework.web.servlet.mvc.method.annotation.ServletInvocableHandlerMethod.invokeAndHandle(ServletInvocableHandlerMethod.java:105) ~[spring-webmvc-5.2.15.RELEASE.jar:5.2.15.RELEASE]
	at org.springframework.web.servlet.mvc.method.annotation.RequestMappingHandlerAdapter.invokeHandlerMethod(RequestMappingHandlerAdapter.java:878) ~[spring-webmvc-5.2.15.RELEASE.jar:5.2.15.RELEASE]
	at org.springframework.web.servlet.mvc.method.annotation.RequestMappingHandlerAdapter.handleInternal(RequestMappingHandlerAdapter.java:792) ~[spring-webmvc-5.2.15.RELEASE.jar:5.2.15.RELEASE]
	at org.springframework.web.servlet.mvc.method.AbstractHandlerMethodAdapter.handle(AbstractHandlerMethodAdapter.java:87) ~[spring-webmvc-5.2.15.RELEASE.jar:5.2.15.RELEASE]
	at org.springframework.web.servlet.DispatcherServlet.doDispatch(DispatcherServlet.java:1040) ~[spring-webmvc-5.2.15.RELEASE.jar:5.2.15.RELEASE]
	at org.springframework.web.servlet.DispatcherServlet.doService(DispatcherServlet.java:943) ~[spring-webmvc-5.2.15.RELEASE.jar:5.2.15.RELEASE]
	at org.springframework.web.servlet.FrameworkServlet.processRequest(FrameworkServlet.java:1006) ~[spring-webmvc-5.2.15.RELEASE.jar:5.2.15.RELEASE]
	at org.springframework.web.servlet.FrameworkServlet.doPost(FrameworkServlet.java:909) ~[spring-webmvc-5.2.15.RELEASE.jar:5.2.15.RELEASE]
	at javax.servlet.http.HttpServlet.service(HttpServlet.java:652) ~[tomcat-embed-core-9.0.46.jar:4.0.FR]
	at org.springframework.web.servlet.FrameworkServlet.service(FrameworkServlet.java:883) ~[spring-webmvc-5.2.15.RELEASE.jar:5.2.15.RELEASE]
	at javax.servlet.http.HttpServlet.service(HttpServlet.java:733) ~[tomcat-embed-core-9.0.46.jar:4.0.FR]
	at org.apache.catalina.core.ApplicationFilterChain.internalDoFilter(ApplicationFilterChain.java:227) ~[tomcat-embed-core-9.0.46.jar:9.0.46]
	at org.apache.catalina.core.ApplicationFilterChain.doFilter(ApplicationFilterChain.java:162) ~[tomcat-embed-core-9.0.46.jar:9.0.46]
	at org.apache.tomcat.websocket.server.WsFilter.doFilter(WsFilter.java:53) ~[tomcat-embed-websocket-9.0.46.jar:9.0.46]
	at org.apache.catalina.core.ApplicationFilterChain.internalDoFilter(ApplicationFilterChain.java:189) ~[tomcat-embed-core-9.0.46.jar:9.0.46]
	at org.apache.catalina.core.ApplicationFilterChain.doFilter(ApplicationFilterChain.java:162) ~[tomcat-embed-core-9.0.46.jar:9.0.46]
	at org.springframework.web.filter.RequestContextFilter.doFilterInternal(RequestContextFilter.java:100) ~[spring-web-5.2.15.RELEASE.jar:5.2.15.RELEASE]
	at org.springframework.web.filter.OncePerRequestFilter.doFilter(OncePerRequestFilter.java:119) ~[spring-web-5.2.15.RELEASE.jar:5.2.15.RELEASE]
	at org.apache.catalina.core.ApplicationFilterChain.internalDoFilter(ApplicationFilterChain.java:189) ~[tomcat-embed-core-9.0.46.jar:9.0.46]
	at org.apache.catalina.core.ApplicationFilterChain.doFilter(ApplicationFilterChain.java:162) ~[tomcat-embed-core-9.0.46.jar:9.0.46]
	at org.springframework.web.filter.FormContentFilter.doFilterInternal(FormContentFilter.java:93) ~[spring-web-5.2.15.RELEASE.jar:5.2.15.RELEASE]
	at org.springframework.web.filter.OncePerRequestFilter.doFilter(OncePerRequestFilter.java:119) ~[spring-web-5.2.15.RELEASE.jar:5.2.15.RELEASE]
	at org.apache.catalina.core.ApplicationFilterChain.internalDoFilter(ApplicationFilterChain.java:189) ~[tomcat-embed-core-9.0.46.jar:9.0.46]
	at org.apache.catalina.core.ApplicationFilterChain.doFilter(ApplicationFilterChain.java:162) ~[tomcat-embed-core-9.0.46.jar:9.0.46]
	at org.springframework.boot.actuate.metrics.web.servlet.WebMvcMetricsFilter.doFilterInternal(WebMvcMetricsFilter.java:97) ~[spring-boot-actuator-2.3.12.RELEASE.jar:2.3.12.RELEASE]
	at org.springframework.web.filter.OncePerRequestFilter.doFilter(OncePerRequestFilter.java:119) ~[spring-web-5.2.15.RELEASE.jar:5.2.15.RELEASE]
	at org.apache.catalina.core.ApplicationFilterChain.internalDoFilter(ApplicationFilterChain.java:189) ~[tomcat-embed-core-9.0.46.jar:9.0.46]
	at org.apache.catalina.core.ApplicationFilterChain.doFilter(ApplicationFilterChain.java:162) ~[tomcat-embed-core-9.0.46.jar:9.0.46]
	at org.springframework.web.filter.CharacterEncodingFilter.doFilterInternal(CharacterEncodingFilter.java:201) ~[spring-web-5.2.15.RELEASE.jar:5.2.15.RELEASE]
	at org.springframework.web.filter.OncePerRequestFilter.doFilter(OncePerRequestFilter.java:119) ~[spring-web-5.2.15.RELEASE.jar:5.2.15.RELEASE]
	at org.apache.catalina.core.ApplicationFilterChain.internalDoFilter(ApplicationFilterChain.java:189) ~[tomcat-embed-core-9.0.46.jar:9.0.46]
	at org.apache.catalina.core.ApplicationFilterChain.doFilter(ApplicationFilterChain.java:162) ~[tomcat-embed-core-9.0.46.jar:9.0.46]
	at org.apache.catalina.core.StandardWrapperValve.invoke(StandardWrapperValve.java:202) ~[tomcat-embed-core-9.0.46.jar:9.0.46]
	at org.apache.catalina.core.StandardContextValve.invoke(StandardContextValve.java:97) [tomcat-embed-core-9.0.46.jar:9.0.46]
	at org.apache.catalina.authenticator.AuthenticatorBase.invoke(AuthenticatorBase.java:542) [tomcat-embed-core-9.0.46.jar:9.0.46]
	at org.apache.catalina.core.StandardHostValve.invoke(StandardHostValve.java:143) [tomcat-embed-core-9.0.46.jar:9.0.46]
	at org.apache.catalina.valves.ErrorReportValve.invoke(ErrorReportValve.java:92) [tomcat-embed-core-9.0.46.jar:9.0.46]
	at org.apache.catalina.core.StandardEngineValve.invoke(StandardEngineValve.java:78) [tomcat-embed-core-9.0.46.jar:9.0.46]
	at org.apache.catalina.connector.CoyoteAdapter.service(CoyoteAdapter.java:357) [tomcat-embed-core-9.0.46.jar:9.0.46]
	at org.apache.coyote.http11.Http11Processor.service(Http11Processor.java:374) [tomcat-embed-core-9.0.46.jar:9.0.46]
	at org.apache.coyote.AbstractProcessorLight.process(AbstractProcessorLight.java:65) [tomcat-embed-core-9.0.46.jar:9.0.46]
	at org.apache.coyote.AbstractProtocol$ConnectionHandler.process(AbstractProtocol.java:893) [tomcat-embed-core-9.0.46.jar:9.0.46]
	at org.apache.tomcat.util.net.NioEndpoint$SocketProcessor.doRun(NioEndpoint.java:1707) [tomcat-embed-core-9.0.46.jar:9.0.46]
	at org.apache.tomcat.util.net.SocketProcessorBase.run(SocketProcessorBase.java:49) [tomcat-embed-core-9.0.46.jar:9.0.46]
	at java.util.concurrent.ThreadPoolExecutor.runWorker(ThreadPoolExecutor.java:1149) [na:1.8.0_251]
	at java.util.concurrent.ThreadPoolExecutor$Worker.run(ThreadPoolExecutor.java:624) [na:1.8.0_251]
	at org.apache.tomcat.util.threads.TaskThread$WrappingRunnable.run(TaskThread.java:61) [tomcat-embed-core-9.0.46.jar:9.0.46]
	at java.lang.Thread.run(Thread.java:748) [na:1.8.0_251]

2023-04-17 21:01:03.357 ERROR 23412 --- [http-nio-8080-exec-2] o.a.c.c.C.[.[.[/].[dispatcherServlet]    : Servlet.service() for servlet [dispatcherServlet] in context with path [] threw exception [Request processing failed; nested exception is org.springframework.dao.DataIntegrityViolationException: 
### Error updating database.  Cause: com.mysql.cj.jdbc.exceptions.MysqlDataTruncation: Data truncation: Out of range value for column 'id' at row 1
### The error may exist in com/loserico/bootmybatisplus/mapper/UserMapper.java (best guess)
### The error may involve com.loserico.bootmybatisplus.mapper.UserMapper.insert-Inline
### The error occurred while setting parameters
### SQL: INSERT INTO user  ( id, name, gendle, create_time, update_time )  VALUES  ( ?, ?, ?, ?, ? )
### Cause: com.mysql.cj.jdbc.exceptions.MysqlDataTruncation: Data truncation: Out of range value for column 'id' at row 1
; Data truncation: Out of range value for column 'id' at row 1; nested exception is com.mysql.cj.jdbc.exceptions.MysqlDataTruncation: Data truncation: Out of range value for column 'id' at row 1] with root cause

com.mysql.cj.jdbc.exceptions.MysqlDataTruncation: Data truncation: Out of range value for column 'id' at row 1
	at com.mysql.cj.jdbc.exceptions.SQLExceptionsMapping.translateException(SQLExceptionsMapping.java:104) ~[mysql-connector-java-8.0.25.jar:8.0.25]
	at com.mysql.cj.jdbc.ClientPreparedStatement.executeInternal(ClientPreparedStatement.java:953) ~[mysql-connector-java-8.0.25.jar:8.0.25]
	at com.mysql.cj.jdbc.ClientPreparedStatement.execute(ClientPreparedStatement.java:370) ~[mysql-connector-java-8.0.25.jar:8.0.25]
	at com.alibaba.druid.filter.FilterChainImpl.preparedStatement_execute(FilterChainImpl.java:3461) ~[druid-1.1.22.jar:1.1.22]
	at com.alibaba.druid.filter.FilterEventAdapter.preparedStatement_execute(FilterEventAdapter.java:440) ~[druid-1.1.22.jar:1.1.22]
	at com.alibaba.druid.filter.FilterChainImpl.preparedStatement_execute(FilterChainImpl.java:3459) ~[druid-1.1.22.jar:1.1.22]
	at com.alibaba.druid.proxy.jdbc.PreparedStatementProxyImpl.execute(PreparedStatementProxyImpl.java:167) ~[druid-1.1.22.jar:1.1.22]
	at com.alibaba.druid.pool.DruidPooledPreparedStatement.execute(DruidPooledPreparedStatement.java:497) ~[druid-1.1.22.jar:1.1.22]
	at sun.reflect.NativeMethodAccessorImpl.invoke0(Native Method) ~[na:1.8.0_251]
	at sun.reflect.NativeMethodAccessorImpl.invoke(NativeMethodAccessorImpl.java:62) ~[na:1.8.0_251]
	at sun.reflect.DelegatingMethodAccessorImpl.invoke(DelegatingMethodAccessorImpl.java:43) ~[na:1.8.0_251]
	at java.lang.reflect.Method.invoke(Method.java:498) ~[na:1.8.0_251]
	at org.apache.ibatis.logging.jdbc.PreparedStatementLogger.invoke(PreparedStatementLogger.java:59) ~[mybatis-3.5.4.jar:3.5.4]
	at com.sun.proxy.$Proxy118.execute(Unknown Source) ~[na:na]
	at org.apache.ibatis.executor.statement.PreparedStatementHandler.update(PreparedStatementHandler.java:47) ~[mybatis-3.5.4.jar:3.5.4]
	at org.apache.ibatis.executor.statement.RoutingStatementHandler.update(RoutingStatementHandler.java:74) ~[mybatis-3.5.4.jar:3.5.4]
	at sun.reflect.NativeMethodAccessorImpl.invoke0(Native Method) ~[na:1.8.0_251]
	at sun.reflect.NativeMethodAccessorImpl.invoke(NativeMethodAccessorImpl.java:62) ~[na:1.8.0_251]
	at sun.reflect.DelegatingMethodAccessorImpl.invoke(DelegatingMethodAccessorImpl.java:43) ~[na:1.8.0_251]
	at java.lang.reflect.Method.invoke(Method.java:498) ~[na:1.8.0_251]
	at org.apache.ibatis.plugin.Plugin.invoke(Plugin.java:63) ~[mybatis-3.5.4.jar:3.5.4]
	at com.sun.proxy.$Proxy116.update(Unknown Source) ~[na:na]
	at com.baomidou.mybatisplus.core.executor.MybatisSimpleExecutor.doUpdate(MybatisSimpleExecutor.java:54) ~[mybatis-plus-core-3.3.2.jar:3.3.2]
	at org.apache.ibatis.executor.BaseExecutor.update(BaseExecutor.java:117) ~[mybatis-3.5.4.jar:3.5.4]
	at com.baomidou.mybatisplus.core.executor.MybatisCachingExecutor.update(MybatisCachingExecutor.java:83) ~[mybatis-plus-core-3.3.2.jar:3.3.2]
	at org.apache.ibatis.session.defaults.DefaultSqlSession.update(DefaultSqlSession.java:197) ~[mybatis-3.5.4.jar:3.5.4]
	at org.apache.ibatis.session.defaults.DefaultSqlSession.insert(DefaultSqlSession.java:184) ~[mybatis-3.5.4.jar:3.5.4]
	at sun.reflect.NativeMethodAccessorImpl.invoke0(Native Method) ~[na:1.8.0_251]
	at sun.reflect.NativeMethodAccessorImpl.invoke(NativeMethodAccessorImpl.java:62) ~[na:1.8.0_251]
	at sun.reflect.DelegatingMethodAccessorImpl.invoke(DelegatingMethodAccessorImpl.java:43) ~[na:1.8.0_251]
	at java.lang.reflect.Method.invoke(Method.java:498) ~[na:1.8.0_251]
	at org.mybatis.spring.SqlSessionTemplate$SqlSessionInterceptor.invoke(SqlSessionTemplate.java:426) ~[mybatis-spring-2.0.4.jar:2.0.4]
	at com.sun.proxy.$Proxy91.insert(Unknown Source) ~[na:na]
	at org.mybatis.spring.SqlSessionTemplate.insert(SqlSessionTemplate.java:271) ~[mybatis-spring-2.0.4.jar:2.0.4]
	at com.baomidou.mybatisplus.core.override.MybatisMapperMethod.execute(MybatisMapperMethod.java:60) ~[mybatis-plus-core-3.3.2.jar:3.3.2]
	at com.baomidou.mybatisplus.core.override.MybatisMapperProxy.invoke(MybatisMapperProxy.java:96) ~[mybatis-plus-core-3.3.2.jar:3.3.2]
	at com.sun.proxy.$Proxy94.insert(Unknown Source) ~[na:na]
	at com.loserico.bootmybatisplus.service.impl.UserServiceImpl.createUser(UserServiceImpl.java:37) ~[classes/:na]
	at com.loserico.bootmybatisplus.service.impl.UserServiceImpl$$FastClassBySpringCGLIB$$5211dcb1.invoke(<generated>) ~[classes/:na]
	at org.springframework.cglib.proxy.MethodProxy.invoke(MethodProxy.java:218) ~[spring-core-5.2.15.RELEASE.jar:5.2.15.RELEASE]
	at org.springframework.aop.framework.CglibAopProxy$CglibMethodInvocation.invokeJoinpoint(CglibAopProxy.java:779) ~[spring-aop-5.2.15.RELEASE.jar:5.2.15.RELEASE]
	at org.springframework.aop.framework.ReflectiveMethodInvocation.proceed(ReflectiveMethodInvocation.java:163) ~[spring-aop-5.2.15.RELEASE.jar:5.2.15.RELEASE]
	at org.springframework.aop.framework.CglibAopProxy$CglibMethodInvocation.proceed(CglibAopProxy.java:750) ~[spring-aop-5.2.15.RELEASE.jar:5.2.15.RELEASE]
	at org.springframework.transaction.interceptor.TransactionAspectSupport.invokeWithinTransaction(TransactionAspectSupport.java:367) ~[spring-tx-5.2.15.RELEASE.jar:5.2.15.RELEASE]
	at org.springframework.transaction.interceptor.TransactionInterceptor.invoke(TransactionInterceptor.java:118) ~[spring-tx-5.2.15.RELEASE.jar:5.2.15.RELEASE]
	at org.springframework.aop.framework.ReflectiveMethodInvocation.proceed(ReflectiveMethodInvocation.java:186) ~[spring-aop-5.2.15.RELEASE.jar:5.2.15.RELEASE]
	at org.springframework.aop.framework.CglibAopProxy$CglibMethodInvocation.proceed(CglibAopProxy.java:750) ~[spring-aop-5.2.15.RELEASE.jar:5.2.15.RELEASE]
	at org.springframework.aop.framework.CglibAopProxy$DynamicAdvisedInterceptor.intercept(CglibAopProxy.java:692) ~[spring-aop-5.2.15.RELEASE.jar:5.2.15.RELEASE]
	at com.loserico.bootmybatisplus.service.impl.UserServiceImpl$$EnhancerBySpringCGLIB$$7d153abb.createUser(<generated>) ~[classes/:na]
	at com.loserico.bootmybatisplus.controller.UserController.createUser(UserController.java:32) ~[classes/:na]
	at sun.reflect.NativeMethodAccessorImpl.invoke0(Native Method) ~[na:1.8.0_251]
	at sun.reflect.NativeMethodAccessorImpl.invoke(NativeMethodAccessorImpl.java:62) ~[na:1.8.0_251]
	at sun.reflect.DelegatingMethodAccessorImpl.invoke(DelegatingMethodAccessorImpl.java:43) ~[na:1.8.0_251]
	at java.lang.reflect.Method.invoke(Method.java:498) ~[na:1.8.0_251]
	at org.springframework.web.method.support.InvocableHandlerMethod.doInvoke(InvocableHandlerMethod.java:190) ~[spring-web-5.2.15.RELEASE.jar:5.2.15.RELEASE]
	at org.springframework.web.method.support.InvocableHandlerMethod.invokeForRequest(InvocableHandlerMethod.java:138) ~[spring-web-5.2.15.RELEASE.jar:5.2.15.RELEASE]
	at org.springframework.web.servlet.mvc.method.annotation.ServletInvocableHandlerMethod.invokeAndHandle(ServletInvocableHandlerMethod.java:105) ~[spring-webmvc-5.2.15.RELEASE.jar:5.2.15.RELEASE]
	at org.springframework.web.servlet.mvc.method.annotation.RequestMappingHandlerAdapter.invokeHandlerMethod(RequestMappingHandlerAdapter.java:878) ~[spring-webmvc-5.2.15.RELEASE.jar:5.2.15.RELEASE]
	at org.springframework.web.servlet.mvc.method.annotation.RequestMappingHandlerAdapter.handleInternal(RequestMappingHandlerAdapter.java:792) ~[spring-webmvc-5.2.15.RELEASE.jar:5.2.15.RELEASE]
	at org.springframework.web.servlet.mvc.method.AbstractHandlerMethodAdapter.handle(AbstractHandlerMethodAdapter.java:87) ~[spring-webmvc-5.2.15.RELEASE.jar:5.2.15.RELEASE]
	at org.springframework.web.servlet.DispatcherServlet.doDispatch(DispatcherServlet.java:1040) ~[spring-webmvc-5.2.15.RELEASE.jar:5.2.15.RELEASE]
	at org.springframework.web.servlet.DispatcherServlet.doService(DispatcherServlet.java:943) ~[spring-webmvc-5.2.15.RELEASE.jar:5.2.15.RELEASE]
	at org.springframework.web.servlet.FrameworkServlet.processRequest(FrameworkServlet.java:1006) ~[spring-webmvc-5.2.15.RELEASE.jar:5.2.15.RELEASE]
	at org.springframework.web.servlet.FrameworkServlet.doPost(FrameworkServlet.java:909) ~[spring-webmvc-5.2.15.RELEASE.jar:5.2.15.RELEASE]
	at javax.servlet.http.HttpServlet.service(HttpServlet.java:652) ~[tomcat-embed-core-9.0.46.jar:4.0.FR]
	at org.springframework.web.servlet.FrameworkServlet.service(FrameworkServlet.java:883) ~[spring-webmvc-5.2.15.RELEASE.jar:5.2.15.RELEASE]
	at javax.servlet.http.HttpServlet.service(HttpServlet.java:733) ~[tomcat-embed-core-9.0.46.jar:4.0.FR]
	at org.apache.catalina.core.ApplicationFilterChain.internalDoFilter(ApplicationFilterChain.java:227) ~[tomcat-embed-core-9.0.46.jar:9.0.46]
	at org.apache.catalina.core.ApplicationFilterChain.doFilter(ApplicationFilterChain.java:162) ~[tomcat-embed-core-9.0.46.jar:9.0.46]
	at org.apache.tomcat.websocket.server.WsFilter.doFilter(WsFilter.java:53) ~[tomcat-embed-websocket-9.0.46.jar:9.0.46]
	at org.apache.catalina.core.ApplicationFilterChain.internalDoFilter(ApplicationFilterChain.java:189) ~[tomcat-embed-core-9.0.46.jar:9.0.46]
	at org.apache.catalina.core.ApplicationFilterChain.doFilter(ApplicationFilterChain.java:162) ~[tomcat-embed-core-9.0.46.jar:9.0.46]
	at org.springframework.web.filter.RequestContextFilter.doFilterInternal(RequestContextFilter.java:100) ~[spring-web-5.2.15.RELEASE.jar:5.2.15.RELEASE]
	at org.springframework.web.filter.OncePerRequestFilter.doFilter(OncePerRequestFilter.java:119) ~[spring-web-5.2.15.RELEASE.jar:5.2.15.RELEASE]
	at org.apache.catalina.core.ApplicationFilterChain.internalDoFilter(ApplicationFilterChain.java:189) ~[tomcat-embed-core-9.0.46.jar:9.0.46]
	at org.apache.catalina.core.ApplicationFilterChain.doFilter(ApplicationFilterChain.java:162) ~[tomcat-embed-core-9.0.46.jar:9.0.46]
	at org.springframework.web.filter.FormContentFilter.doFilterInternal(FormContentFilter.java:93) ~[spring-web-5.2.15.RELEASE.jar:5.2.15.RELEASE]
	at org.springframework.web.filter.OncePerRequestFilter.doFilter(OncePerRequestFilter.java:119) ~[spring-web-5.2.15.RELEASE.jar:5.2.15.RELEASE]
	at org.apache.catalina.core.ApplicationFilterChain.internalDoFilter(ApplicationFilterChain.java:189) ~[tomcat-embed-core-9.0.46.jar:9.0.46]
	at org.apache.catalina.core.ApplicationFilterChain.doFilter(ApplicationFilterChain.java:162) ~[tomcat-embed-core-9.0.46.jar:9.0.46]
	at org.springframework.boot.actuate.metrics.web.servlet.WebMvcMetricsFilter.doFilterInternal(WebMvcMetricsFilter.java:97) ~[spring-boot-actuator-2.3.12.RELEASE.jar:2.3.12.RELEASE]
	at org.springframework.web.filter.OncePerRequestFilter.doFilter(OncePerRequestFilter.java:119) ~[spring-web-5.2.15.RELEASE.jar:5.2.15.RELEASE]
	at org.apache.catalina.core.ApplicationFilterChain.internalDoFilter(ApplicationFilterChain.java:189) ~[tomcat-embed-core-9.0.46.jar:9.0.46]
	at org.apache.catalina.core.ApplicationFilterChain.doFilter(ApplicationFilterChain.java:162) ~[tomcat-embed-core-9.0.46.jar:9.0.46]
	at org.springframework.web.filter.CharacterEncodingFilter.doFilterInternal(CharacterEncodingFilter.java:201) ~[spring-web-5.2.15.RELEASE.jar:5.2.15.RELEASE]
	at org.springframework.web.filter.OncePerRequestFilter.doFilter(OncePerRequestFilter.java:119) ~[spring-web-5.2.15.RELEASE.jar:5.2.15.RELEASE]
	at org.apache.catalina.core.ApplicationFilterChain.internalDoFilter(ApplicationFilterChain.java:189) ~[tomcat-embed-core-9.0.46.jar:9.0.46]
	at org.apache.catalina.core.ApplicationFilterChain.doFilter(ApplicationFilterChain.java:162) ~[tomcat-embed-core-9.0.46.jar:9.0.46]
	at org.apache.catalina.core.StandardWrapperValve.invoke(StandardWrapperValve.java:202) ~[tomcat-embed-core-9.0.46.jar:9.0.46]
	at org.apache.catalina.core.StandardContextValve.invoke(StandardContextValve.java:97) [tomcat-embed-core-9.0.46.jar:9.0.46]
	at org.apache.catalina.authenticator.AuthenticatorBase.invoke(AuthenticatorBase.java:542) [tomcat-embed-core-9.0.46.jar:9.0.46]
	at org.apache.catalina.core.StandardHostValve.invoke(StandardHostValve.java:143) [tomcat-embed-core-9.0.46.jar:9.0.46]
	at org.apache.catalina.valves.ErrorReportValve.invoke(ErrorReportValve.java:92) [tomcat-embed-core-9.0.46.jar:9.0.46]
	at org.apache.catalina.core.StandardEngineValve.invoke(StandardEngineValve.java:78) [tomcat-embed-core-9.0.46.jar:9.0.46]
	at org.apache.catalina.connector.CoyoteAdapter.service(CoyoteAdapter.java:357) [tomcat-embed-core-9.0.46.jar:9.0.46]
	at org.apache.coyote.http11.Http11Processor.service(Http11Processor.java:374) [tomcat-embed-core-9.0.46.jar:9.0.46]
	at org.apache.coyote.AbstractProcessorLight.process(AbstractProcessorLight.java:65) [tomcat-embed-core-9.0.46.jar:9.0.46]
	at org.apache.coyote.AbstractProtocol$ConnectionHandler.process(AbstractProtocol.java:893) [tomcat-embed-core-9.0.46.jar:9.0.46]
	at org.apache.tomcat.util.net.NioEndpoint$SocketProcessor.doRun(NioEndpoint.java:1707) [tomcat-embed-core-9.0.46.jar:9.0.46]
	at org.apache.tomcat.util.net.SocketProcessorBase.run(SocketProcessorBase.java:49) [tomcat-embed-core-9.0.46.jar:9.0.46]
	at java.util.concurrent.ThreadPoolExecutor.runWorker(ThreadPoolExecutor.java:1149) [na:1.8.0_251]
	at java.util.concurrent.ThreadPoolExecutor$Worker.run(ThreadPoolExecutor.java:624) [na:1.8.0_251]
	at org.apache.tomcat.util.threads.TaskThread$WrappingRunnable.run(TaskThread.java:61) [tomcat-embed-core-9.0.46.jar:9.0.46]
	at java.lang.Thread.run(Thread.java:748) [na:1.8.0_251]

2023-04-17 21:03:14.669  INFO 23412 --- [SpringContextShutdownHook] o.s.s.concurrent.ThreadPoolTaskExecutor  : Shutting down ExecutorService 'applicationTaskExecutor'
2023-04-17 21:03:14.670  INFO 23412 --- [SpringContextShutdownHook] com.alibaba.druid.pool.DruidDataSource   : {dataSource-1} closing ...
2023-04-17 21:03:14.676  INFO 23412 --- [SpringContextShutdownHook] com.alibaba.druid.pool.DruidDataSource   : {dataSource-1} closed
2023-04-17 21:07:29.267  INFO 32484 --- [restartedMain] c.l.b.BootMybatisplusApplication         : Starting BootMybatisplusApplication on ironman with PID 32484 (D:\Learning\boot-parent\boot-mybatisplus\target\classes started by yuxh in D:\Learning\boot-parent)
2023-04-17 21:07:29.276  INFO 32484 --- [restartedMain] c.l.b.BootMybatisplusApplication         : No active profile set, falling back to default profiles: default
2023-04-17 21:07:29.425  INFO 32484 --- [restartedMain] .e.DevToolsPropertyDefaultsPostProcessor : Devtools property defaults active! Set 'spring.devtools.add-properties' to 'false' to disable
2023-04-17 21:07:29.425  INFO 32484 --- [restartedMain] .e.DevToolsPropertyDefaultsPostProcessor : For additional web related logging consider setting the 'logging.level.web' property to 'DEBUG'
2023-04-17 21:07:31.021  INFO 32484 --- [restartedMain] .s.d.r.c.RepositoryConfigurationDelegate : Bootstrapping Spring Data JDBC repositories in DEFAULT mode.
2023-04-17 21:07:31.047  INFO 32484 --- [restartedMain] .s.d.r.c.RepositoryConfigurationDelegate : Finished Spring Data repository scanning in 20ms. Found 0 JDBC repository interfaces.
2023-04-17 21:07:31.141 DEBUG 32484 --- [restartedMain] o.m.s.mapper.ClassPathMapperScanner      : Identified candidate component class: file [D:\Learning\boot-parent\boot-mybatisplus\target\classes\com\loserico\bootmybatisplus\mapper\ReadBookMapper.class]
2023-04-17 21:07:31.142 DEBUG 32484 --- [restartedMain] o.m.s.mapper.ClassPathMapperScanner      : Identified candidate component class: file [D:\Learning\boot-parent\boot-mybatisplus\target\classes\com\loserico\bootmybatisplus\mapper\UserMapper.class]
2023-04-17 21:07:31.143 DEBUG 32484 --- [restartedMain] o.m.s.mapper.ClassPathMapperScanner      : Creating MapperFactoryBean with name 'readBookMapper' and 'com.loserico.bootmybatisplus.mapper.ReadBookMapper' mapperInterface
2023-04-17 21:07:31.143 DEBUG 32484 --- [restartedMain] o.m.s.mapper.ClassPathMapperScanner      : Enabling autowire by type for MapperFactoryBean with name 'readBookMapper'.
2023-04-17 21:07:31.143 DEBUG 32484 --- [restartedMain] o.m.s.mapper.ClassPathMapperScanner      : Creating MapperFactoryBean with name 'userMapper' and 'com.loserico.bootmybatisplus.mapper.UserMapper' mapperInterface
2023-04-17 21:07:31.143 DEBUG 32484 --- [restartedMain] o.m.s.mapper.ClassPathMapperScanner      : Enabling autowire by type for MapperFactoryBean with name 'userMapper'.
2023-04-17 21:07:31.663  INFO 32484 --- [restartedMain] o.s.b.w.embedded.tomcat.TomcatWebServer  : Tomcat initialized with port(s): 8080 (http)
2023-04-17 21:07:31.672  INFO 32484 --- [restartedMain] o.apache.catalina.core.StandardService   : Starting service [Tomcat]
2023-04-17 21:07:31.672  INFO 32484 --- [restartedMain] org.apache.catalina.core.StandardEngine  : Starting Servlet engine: [Apache Tomcat/9.0.46]
2023-04-17 21:07:31.769  INFO 32484 --- [restartedMain] o.a.c.c.C.[Tomcat].[localhost].[/]       : Initializing Spring embedded WebApplicationContext
2023-04-17 21:07:31.769  INFO 32484 --- [restartedMain] w.s.c.ServletWebServerApplicationContext : Root WebApplicationContext: initialization completed in 2342 ms
2023-04-17 21:07:32.009  INFO 32484 --- [restartedMain] c.a.d.s.b.a.DruidDataSourceAutoConfigure : Init DruidDataSource
2023-04-17 21:07:37.793  INFO 32484 --- [restartedMain] com.alibaba.druid.pool.DruidDataSource   : {dataSource-1} inited
2023-04-17 21:07:37.864 DEBUG 32484 --- [restartedMain] c.b.m.core.MybatisConfiguration          : addMappedStatement: com.loserico.bootmybatisplus.mapper.ReadBookMapper.queryBookByName
2023-04-17 21:07:37.888 DEBUG 32484 --- [restartedMain] c.b.m.core.MybatisConfiguration          : addMappedStatement: com.loserico.bootmybatisplus.mapper.ReadBookMapper.insert
2023-04-17 21:07:37.891 DEBUG 32484 --- [restartedMain] c.b.m.core.MybatisConfiguration          : addMappedStatement: com.loserico.bootmybatisplus.mapper.ReadBookMapper.delete
2023-04-17 21:07:37.892 DEBUG 32484 --- [restartedMain] c.b.m.core.MybatisConfiguration          : addMappedStatement: com.loserico.bootmybatisplus.mapper.ReadBookMapper.deleteByMap
2023-04-17 21:07:37.894 DEBUG 32484 --- [restartedMain] c.b.m.core.MybatisConfiguration          : addMappedStatement: com.loserico.bootmybatisplus.mapper.ReadBookMapper.deleteById
2023-04-17 21:07:37.895 DEBUG 32484 --- [restartedMain] c.b.m.core.MybatisConfiguration          : addMappedStatement: com.loserico.bootmybatisplus.mapper.ReadBookMapper.deleteBatchIds
2023-04-17 21:07:37.898 DEBUG 32484 --- [restartedMain] c.b.m.core.MybatisConfiguration          : addMappedStatement: com.loserico.bootmybatisplus.mapper.ReadBookMapper.update
2023-04-17 21:07:37.900 DEBUG 32484 --- [restartedMain] c.b.m.core.MybatisConfiguration          : addMappedStatement: com.loserico.bootmybatisplus.mapper.ReadBookMapper.updateById
2023-04-17 21:07:37.900 DEBUG 32484 --- [restartedMain] c.b.m.core.MybatisConfiguration          : addMappedStatement: com.loserico.bootmybatisplus.mapper.ReadBookMapper.selectById
2023-04-17 21:07:37.901 DEBUG 32484 --- [restartedMain] c.b.m.core.MybatisConfiguration          : addMappedStatement: com.loserico.bootmybatisplus.mapper.ReadBookMapper.selectBatchIds
2023-04-17 21:07:37.902 DEBUG 32484 --- [restartedMain] c.b.m.core.MybatisConfiguration          : addMappedStatement: com.loserico.bootmybatisplus.mapper.ReadBookMapper.selectByMap
2023-04-17 21:07:37.903 DEBUG 32484 --- [restartedMain] c.b.m.core.MybatisConfiguration          : addMappedStatement: com.loserico.bootmybatisplus.mapper.ReadBookMapper.selectOne
2023-04-17 21:07:37.904 DEBUG 32484 --- [restartedMain] c.b.m.core.MybatisConfiguration          : addMappedStatement: com.loserico.bootmybatisplus.mapper.ReadBookMapper.selectCount
2023-04-17 21:07:37.905 DEBUG 32484 --- [restartedMain] c.b.m.core.MybatisConfiguration          : addMappedStatement: com.loserico.bootmybatisplus.mapper.ReadBookMapper.selectMaps
2023-04-17 21:07:37.906 DEBUG 32484 --- [restartedMain] c.b.m.core.MybatisConfiguration          : addMappedStatement: com.loserico.bootmybatisplus.mapper.ReadBookMapper.selectMapsPage
2023-04-17 21:07:37.907 DEBUG 32484 --- [restartedMain] c.b.m.core.MybatisConfiguration          : addMappedStatement: com.loserico.bootmybatisplus.mapper.ReadBookMapper.selectObjs
2023-04-17 21:07:37.908 DEBUG 32484 --- [restartedMain] c.b.m.core.MybatisConfiguration          : addMappedStatement: com.loserico.bootmybatisplus.mapper.ReadBookMapper.selectList
2023-04-17 21:07:37.909 DEBUG 32484 --- [restartedMain] c.b.m.core.MybatisConfiguration          : addMappedStatement: com.loserico.bootmybatisplus.mapper.ReadBookMapper.selectPage
2023-04-17 21:07:37.913 DEBUG 32484 --- [restartedMain] c.b.m.core.MybatisConfiguration          : addMappedStatement: com.loserico.bootmybatisplus.mapper.UserMapper.queryById
2023-04-17 21:07:37.915 DEBUG 32484 --- [restartedMain] c.b.m.core.MybatisConfiguration          : addMappedStatement: com.loserico.bootmybatisplus.mapper.UserMapper.insert
2023-04-17 21:07:37.916 DEBUG 32484 --- [restartedMain] c.b.m.core.MybatisConfiguration          : addMappedStatement: com.loserico.bootmybatisplus.mapper.UserMapper.delete
2023-04-17 21:07:37.917 DEBUG 32484 --- [restartedMain] c.b.m.core.MybatisConfiguration          : addMappedStatement: com.loserico.bootmybatisplus.mapper.UserMapper.deleteByMap
2023-04-17 21:07:37.918 DEBUG 32484 --- [restartedMain] c.b.m.core.MybatisConfiguration          : addMappedStatement: com.loserico.bootmybatisplus.mapper.UserMapper.deleteById
2023-04-17 21:07:37.918 DEBUG 32484 --- [restartedMain] c.b.m.core.MybatisConfiguration          : addMappedStatement: com.loserico.bootmybatisplus.mapper.UserMapper.deleteBatchIds
2023-04-17 21:07:37.919 DEBUG 32484 --- [restartedMain] c.b.m.core.MybatisConfiguration          : addMappedStatement: com.loserico.bootmybatisplus.mapper.UserMapper.update
2023-04-17 21:07:37.920 DEBUG 32484 --- [restartedMain] c.b.m.core.MybatisConfiguration          : addMappedStatement: com.loserico.bootmybatisplus.mapper.UserMapper.updateById
2023-04-17 21:07:37.920 DEBUG 32484 --- [restartedMain] c.b.m.core.MybatisConfiguration          : addMappedStatement: com.loserico.bootmybatisplus.mapper.UserMapper.selectById
2023-04-17 21:07:37.920 DEBUG 32484 --- [restartedMain] c.b.m.core.MybatisConfiguration          : addMappedStatement: com.loserico.bootmybatisplus.mapper.UserMapper.selectBatchIds
2023-04-17 21:07:37.921 DEBUG 32484 --- [restartedMain] c.b.m.core.MybatisConfiguration          : addMappedStatement: com.loserico.bootmybatisplus.mapper.UserMapper.selectByMap
2023-04-17 21:07:37.922 DEBUG 32484 --- [restartedMain] c.b.m.core.MybatisConfiguration          : addMappedStatement: com.loserico.bootmybatisplus.mapper.UserMapper.selectOne
2023-04-17 21:07:37.922 DEBUG 32484 --- [restartedMain] c.b.m.core.MybatisConfiguration          : addMappedStatement: com.loserico.bootmybatisplus.mapper.UserMapper.selectCount
2023-04-17 21:07:37.923 DEBUG 32484 --- [restartedMain] c.b.m.core.MybatisConfiguration          : addMappedStatement: com.loserico.bootmybatisplus.mapper.UserMapper.selectMaps
2023-04-17 21:07:37.923 DEBUG 32484 --- [restartedMain] c.b.m.core.MybatisConfiguration          : addMappedStatement: com.loserico.bootmybatisplus.mapper.UserMapper.selectMapsPage
2023-04-17 21:07:37.924 DEBUG 32484 --- [restartedMain] c.b.m.core.MybatisConfiguration          : addMappedStatement: com.loserico.bootmybatisplus.mapper.UserMapper.selectObjs
2023-04-17 21:07:37.924 DEBUG 32484 --- [restartedMain] c.b.m.core.MybatisConfiguration          : addMappedStatement: com.loserico.bootmybatisplus.mapper.UserMapper.selectList
2023-04-17 21:07:37.925 DEBUG 32484 --- [restartedMain] c.b.m.core.MybatisConfiguration          : addMappedStatement: com.loserico.bootmybatisplus.mapper.UserMapper.selectPage
2023-04-17 21:07:38.641  INFO 32484 --- [restartedMain] o.s.s.concurrent.ThreadPoolTaskExecutor  : Initializing ExecutorService 'applicationTaskExecutor'
2023-04-17 21:07:38.882  INFO 32484 --- [restartedMain] o.s.b.d.a.OptionalLiveReloadServer       : LiveReload server is running on port 35729
2023-04-17 21:07:38.885  INFO 32484 --- [restartedMain] o.s.b.a.e.web.EndpointLinksResolver      : Exposing 2 endpoint(s) beneath base path '/actuator'
2023-04-17 21:07:38.922  INFO 32484 --- [restartedMain] o.s.b.w.embedded.tomcat.TomcatWebServer  : Tomcat started on port(s): 8080 (http) with context path ''
2023-04-17 21:07:38.947  INFO 32484 --- [restartedMain] c.l.b.BootMybatisplusApplication         : Started BootMybatisplusApplication in 10.641 seconds (JVM running for 12.459)
2023-04-17 21:07:39.086  INFO 32484 --- [RMI TCP Connection(1)-192.168.2.237] o.a.c.c.C.[Tomcat].[localhost].[/]       : Initializing Spring DispatcherServlet 'dispatcherServlet'
2023-04-17 21:07:39.086  INFO 32484 --- [RMI TCP Connection(1)-192.168.2.237] o.s.web.servlet.DispatcherServlet        : Initializing Servlet 'dispatcherServlet'
2023-04-17 21:07:39.095  INFO 32484 --- [RMI TCP Connection(1)-192.168.2.237] o.s.web.servlet.DispatcherServlet        : Completed initialization in 9 ms
2023-04-17 21:09:10.970  INFO 32484 --- [SpringContextShutdownHook] o.s.s.concurrent.ThreadPoolTaskExecutor  : Shutting down ExecutorService 'applicationTaskExecutor'
2023-04-17 21:09:10.970  INFO 32484 --- [SpringContextShutdownHook] com.alibaba.druid.pool.DruidDataSource   : {dataSource-1} closing ...
2023-04-17 21:09:10.976  INFO 32484 --- [SpringContextShutdownHook] com.alibaba.druid.pool.DruidDataSource   : {dataSource-1} closed
2023-04-17 21:09:22.131  INFO 16472 --- [restartedMain] c.l.b.BootMybatisplusApplication         : Starting BootMybatisplusApplication on ironman with PID 16472 (D:\Learning\boot-parent\boot-mybatisplus\target\classes started by yuxh in D:\Learning\boot-parent)
2023-04-17 21:09:22.142  INFO 16472 --- [restartedMain] c.l.b.BootMybatisplusApplication         : No active profile set, falling back to default profiles: default
2023-04-17 21:09:22.261  INFO 16472 --- [restartedMain] .e.DevToolsPropertyDefaultsPostProcessor : Devtools property defaults active! Set 'spring.devtools.add-properties' to 'false' to disable
2023-04-17 21:09:22.261  INFO 16472 --- [restartedMain] .e.DevToolsPropertyDefaultsPostProcessor : For additional web related logging consider setting the 'logging.level.web' property to 'DEBUG'
2023-04-17 21:09:23.493  INFO 16472 --- [restartedMain] .s.d.r.c.RepositoryConfigurationDelegate : Bootstrapping Spring Data JDBC repositories in DEFAULT mode.
2023-04-17 21:09:23.518  INFO 16472 --- [restartedMain] .s.d.r.c.RepositoryConfigurationDelegate : Finished Spring Data repository scanning in 19ms. Found 0 JDBC repository interfaces.
2023-04-17 21:09:23.606 DEBUG 16472 --- [restartedMain] o.m.s.mapper.ClassPathMapperScanner      : Identified candidate component class: file [D:\Learning\boot-parent\boot-mybatisplus\target\classes\com\loserico\bootmybatisplus\mapper\ReadBookMapper.class]
2023-04-17 21:09:23.607 DEBUG 16472 --- [restartedMain] o.m.s.mapper.ClassPathMapperScanner      : Identified candidate component class: file [D:\Learning\boot-parent\boot-mybatisplus\target\classes\com\loserico\bootmybatisplus\mapper\UserMapper.class]
2023-04-17 21:09:23.607 DEBUG 16472 --- [restartedMain] o.m.s.mapper.ClassPathMapperScanner      : Creating MapperFactoryBean with name 'readBookMapper' and 'com.loserico.bootmybatisplus.mapper.ReadBookMapper' mapperInterface
2023-04-17 21:09:23.608 DEBUG 16472 --- [restartedMain] o.m.s.mapper.ClassPathMapperScanner      : Enabling autowire by type for MapperFactoryBean with name 'readBookMapper'.
2023-04-17 21:09:23.608 DEBUG 16472 --- [restartedMain] o.m.s.mapper.ClassPathMapperScanner      : Creating MapperFactoryBean with name 'userMapper' and 'com.loserico.bootmybatisplus.mapper.UserMapper' mapperInterface
2023-04-17 21:09:23.608 DEBUG 16472 --- [restartedMain] o.m.s.mapper.ClassPathMapperScanner      : Enabling autowire by type for MapperFactoryBean with name 'userMapper'.
2023-04-17 21:09:24.139  INFO 16472 --- [restartedMain] o.s.b.w.embedded.tomcat.TomcatWebServer  : Tomcat initialized with port(s): 8080 (http)
2023-04-17 21:09:24.148  INFO 16472 --- [restartedMain] o.apache.catalina.core.StandardService   : Starting service [Tomcat]
2023-04-17 21:09:24.149  INFO 16472 --- [restartedMain] org.apache.catalina.core.StandardEngine  : Starting Servlet engine: [Apache Tomcat/9.0.46]
2023-04-17 21:09:24.259  INFO 16472 --- [restartedMain] o.a.c.c.C.[Tomcat].[localhost].[/]       : Initializing Spring embedded WebApplicationContext
2023-04-17 21:09:24.259  INFO 16472 --- [restartedMain] w.s.c.ServletWebServerApplicationContext : Root WebApplicationContext: initialization completed in 1995 ms
2023-04-17 21:09:24.518  INFO 16472 --- [restartedMain] c.a.d.s.b.a.DruidDataSourceAutoConfigure : Init DruidDataSource
2023-04-17 21:09:31.226  INFO 16472 --- [restartedMain] com.alibaba.druid.pool.DruidDataSource   : {dataSource-1} inited
2023-04-17 21:09:31.330 DEBUG 16472 --- [restartedMain] c.b.m.core.MybatisConfiguration          : addMappedStatement: com.loserico.bootmybatisplus.mapper.ReadBookMapper.queryBookByName
2023-04-17 21:09:31.374 DEBUG 16472 --- [restartedMain] c.b.m.core.MybatisConfiguration          : addMappedStatement: com.loserico.bootmybatisplus.mapper.ReadBookMapper.insert
2023-04-17 21:09:31.379 DEBUG 16472 --- [restartedMain] c.b.m.core.MybatisConfiguration          : addMappedStatement: com.loserico.bootmybatisplus.mapper.ReadBookMapper.delete
2023-04-17 21:09:31.382 DEBUG 16472 --- [restartedMain] c.b.m.core.MybatisConfiguration          : addMappedStatement: com.loserico.bootmybatisplus.mapper.ReadBookMapper.deleteByMap
2023-04-17 21:09:31.386 DEBUG 16472 --- [restartedMain] c.b.m.core.MybatisConfiguration          : addMappedStatement: com.loserico.bootmybatisplus.mapper.ReadBookMapper.deleteById
2023-04-17 21:09:31.388 DEBUG 16472 --- [restartedMain] c.b.m.core.MybatisConfiguration          : addMappedStatement: com.loserico.bootmybatisplus.mapper.ReadBookMapper.deleteBatchIds
2023-04-17 21:09:31.394 DEBUG 16472 --- [restartedMain] c.b.m.core.MybatisConfiguration          : addMappedStatement: com.loserico.bootmybatisplus.mapper.ReadBookMapper.update
2023-04-17 21:09:31.397 DEBUG 16472 --- [restartedMain] c.b.m.core.MybatisConfiguration          : addMappedStatement: com.loserico.bootmybatisplus.mapper.ReadBookMapper.updateById
2023-04-17 21:09:31.398 DEBUG 16472 --- [restartedMain] c.b.m.core.MybatisConfiguration          : addMappedStatement: com.loserico.bootmybatisplus.mapper.ReadBookMapper.selectById
2023-04-17 21:09:31.399 DEBUG 16472 --- [restartedMain] c.b.m.core.MybatisConfiguration          : addMappedStatement: com.loserico.bootmybatisplus.mapper.ReadBookMapper.selectBatchIds
2023-04-17 21:09:31.401 DEBUG 16472 --- [restartedMain] c.b.m.core.MybatisConfiguration          : addMappedStatement: com.loserico.bootmybatisplus.mapper.ReadBookMapper.selectByMap
2023-04-17 21:09:31.405 DEBUG 16472 --- [restartedMain] c.b.m.core.MybatisConfiguration          : addMappedStatement: com.loserico.bootmybatisplus.mapper.ReadBookMapper.selectOne
2023-04-17 21:09:31.407 DEBUG 16472 --- [restartedMain] c.b.m.core.MybatisConfiguration          : addMappedStatement: com.loserico.bootmybatisplus.mapper.ReadBookMapper.selectCount
2023-04-17 21:09:31.409 DEBUG 16472 --- [restartedMain] c.b.m.core.MybatisConfiguration          : addMappedStatement: com.loserico.bootmybatisplus.mapper.ReadBookMapper.selectMaps
2023-04-17 21:09:31.411 DEBUG 16472 --- [restartedMain] c.b.m.core.MybatisConfiguration          : addMappedStatement: com.loserico.bootmybatisplus.mapper.ReadBookMapper.selectMapsPage
2023-04-17 21:09:31.413 DEBUG 16472 --- [restartedMain] c.b.m.core.MybatisConfiguration          : addMappedStatement: com.loserico.bootmybatisplus.mapper.ReadBookMapper.selectObjs
2023-04-17 21:09:31.415 DEBUG 16472 --- [restartedMain] c.b.m.core.MybatisConfiguration          : addMappedStatement: com.loserico.bootmybatisplus.mapper.ReadBookMapper.selectList
2023-04-17 21:09:31.418 DEBUG 16472 --- [restartedMain] c.b.m.core.MybatisConfiguration          : addMappedStatement: com.loserico.bootmybatisplus.mapper.ReadBookMapper.selectPage
2023-04-17 21:09:31.425 DEBUG 16472 --- [restartedMain] c.b.m.core.MybatisConfiguration          : addMappedStatement: com.loserico.bootmybatisplus.mapper.UserMapper.queryById
2023-04-17 21:09:31.430 DEBUG 16472 --- [restartedMain] c.b.m.core.MybatisConfiguration          : addMappedStatement: com.loserico.bootmybatisplus.mapper.UserMapper.insert
2023-04-17 21:09:31.432 DEBUG 16472 --- [restartedMain] c.b.m.core.MybatisConfiguration          : addMappedStatement: com.loserico.bootmybatisplus.mapper.UserMapper.delete
2023-04-17 21:09:31.433 DEBUG 16472 --- [restartedMain] c.b.m.core.MybatisConfiguration          : addMappedStatement: com.loserico.bootmybatisplus.mapper.UserMapper.deleteByMap
2023-04-17 21:09:31.434 DEBUG 16472 --- [restartedMain] c.b.m.core.MybatisConfiguration          : addMappedStatement: com.loserico.bootmybatisplus.mapper.UserMapper.deleteById
2023-04-17 21:09:31.436 DEBUG 16472 --- [restartedMain] c.b.m.core.MybatisConfiguration          : addMappedStatement: com.loserico.bootmybatisplus.mapper.UserMapper.deleteBatchIds
2023-04-17 21:09:31.437 DEBUG 16472 --- [restartedMain] c.b.m.core.MybatisConfiguration          : addMappedStatement: com.loserico.bootmybatisplus.mapper.UserMapper.update
2023-04-17 21:09:31.438 DEBUG 16472 --- [restartedMain] c.b.m.core.MybatisConfiguration          : addMappedStatement: com.loserico.bootmybatisplus.mapper.UserMapper.updateById
2023-04-17 21:09:31.439 DEBUG 16472 --- [restartedMain] c.b.m.core.MybatisConfiguration          : addMappedStatement: com.loserico.bootmybatisplus.mapper.UserMapper.selectById
2023-04-17 21:09:31.440 DEBUG 16472 --- [restartedMain] c.b.m.core.MybatisConfiguration          : addMappedStatement: com.loserico.bootmybatisplus.mapper.UserMapper.selectBatchIds
2023-04-17 21:09:31.441 DEBUG 16472 --- [restartedMain] c.b.m.core.MybatisConfiguration          : addMappedStatement: com.loserico.bootmybatisplus.mapper.UserMapper.selectByMap
2023-04-17 21:09:31.442 DEBUG 16472 --- [restartedMain] c.b.m.core.MybatisConfiguration          : addMappedStatement: com.loserico.bootmybatisplus.mapper.UserMapper.selectOne
2023-04-17 21:09:31.443 DEBUG 16472 --- [restartedMain] c.b.m.core.MybatisConfiguration          : addMappedStatement: com.loserico.bootmybatisplus.mapper.UserMapper.selectCount
2023-04-17 21:09:31.445 DEBUG 16472 --- [restartedMain] c.b.m.core.MybatisConfiguration          : addMappedStatement: com.loserico.bootmybatisplus.mapper.UserMapper.selectMaps
2023-04-17 21:09:31.446 DEBUG 16472 --- [restartedMain] c.b.m.core.MybatisConfiguration          : addMappedStatement: com.loserico.bootmybatisplus.mapper.UserMapper.selectMapsPage
2023-04-17 21:09:31.447 DEBUG 16472 --- [restartedMain] c.b.m.core.MybatisConfiguration          : addMappedStatement: com.loserico.bootmybatisplus.mapper.UserMapper.selectObjs
2023-04-17 21:09:31.449 DEBUG 16472 --- [restartedMain] c.b.m.core.MybatisConfiguration          : addMappedStatement: com.loserico.bootmybatisplus.mapper.UserMapper.selectList
2023-04-17 21:09:31.450 DEBUG 16472 --- [restartedMain] c.b.m.core.MybatisConfiguration          : addMappedStatement: com.loserico.bootmybatisplus.mapper.UserMapper.selectPage
2023-04-17 21:09:32.682  INFO 16472 --- [restartedMain] o.s.s.concurrent.ThreadPoolTaskExecutor  : Initializing ExecutorService 'applicationTaskExecutor'
2023-04-17 21:09:33.151  INFO 16472 --- [restartedMain] o.s.b.d.a.OptionalLiveReloadServer       : LiveReload server is running on port 35729
2023-04-17 21:09:33.157  INFO 16472 --- [restartedMain] o.s.b.a.e.web.EndpointLinksResolver      : Exposing 2 endpoint(s) beneath base path '/actuator'
2023-04-17 21:09:33.226  INFO 16472 --- [restartedMain] o.s.b.w.embedded.tomcat.TomcatWebServer  : Tomcat started on port(s): 8080 (http) with context path ''
2023-04-17 21:09:33.271  INFO 16472 --- [restartedMain] c.l.b.BootMybatisplusApplication         : Started BootMybatisplusApplication in 12.148 seconds (JVM running for 14.359)
2023-04-17 21:09:33.989  INFO 16472 --- [RMI TCP Connection(1)-192.168.2.237] o.a.c.c.C.[Tomcat].[localhost].[/]       : Initializing Spring DispatcherServlet 'dispatcherServlet'
2023-04-17 21:09:33.990  INFO 16472 --- [RMI TCP Connection(1)-192.168.2.237] o.s.web.servlet.DispatcherServlet        : Initializing Servlet 'dispatcherServlet'
2023-04-17 21:09:33.998  INFO 16472 --- [RMI TCP Connection(1)-192.168.2.237] o.s.web.servlet.DispatcherServlet        : Completed initialization in 8 ms
2023-04-17 21:09:40.160 ERROR 16472 --- [http-nio-8080-exec-1] o.a.c.c.C.[.[.[/].[dispatcherServlet]    : Servlet.service() for servlet [dispatcherServlet] in context with path [] threw exception [Request processing failed; nested exception is java.lang.RuntimeException] with root cause

java.lang.RuntimeException: null
	at com.loserico.bootmybatisplus.service.impl.UserServiceImpl.createUser(UserServiceImpl.java:40) ~[classes/:na]
	at com.loserico.bootmybatisplus.service.impl.UserServiceImpl$$FastClassBySpringCGLIB$$5211dcb1.invoke(<generated>) ~[classes/:na]
	at org.springframework.cglib.proxy.MethodProxy.invoke(MethodProxy.java:218) ~[spring-core-5.2.15.RELEASE.jar:5.2.15.RELEASE]
	at org.springframework.aop.framework.CglibAopProxy$CglibMethodInvocation.invokeJoinpoint(CglibAopProxy.java:779) ~[spring-aop-5.2.15.RELEASE.jar:5.2.15.RELEASE]
	at org.springframework.aop.framework.ReflectiveMethodInvocation.proceed(ReflectiveMethodInvocation.java:163) ~[spring-aop-5.2.15.RELEASE.jar:5.2.15.RELEASE]
	at org.springframework.aop.framework.CglibAopProxy$CglibMethodInvocation.proceed(CglibAopProxy.java:750) ~[spring-aop-5.2.15.RELEASE.jar:5.2.15.RELEASE]
	at org.springframework.transaction.interceptor.TransactionAspectSupport.invokeWithinTransaction(TransactionAspectSupport.java:367) ~[spring-tx-5.2.15.RELEASE.jar:5.2.15.RELEASE]
	at org.springframework.transaction.interceptor.TransactionInterceptor.invoke(TransactionInterceptor.java:118) ~[spring-tx-5.2.15.RELEASE.jar:5.2.15.RELEASE]
	at org.springframework.aop.framework.ReflectiveMethodInvocation.proceed(ReflectiveMethodInvocation.java:186) ~[spring-aop-5.2.15.RELEASE.jar:5.2.15.RELEASE]
	at org.springframework.aop.framework.CglibAopProxy$CglibMethodInvocation.proceed(CglibAopProxy.java:750) ~[spring-aop-5.2.15.RELEASE.jar:5.2.15.RELEASE]
	at org.springframework.aop.framework.CglibAopProxy$DynamicAdvisedInterceptor.intercept(CglibAopProxy.java:692) ~[spring-aop-5.2.15.RELEASE.jar:5.2.15.RELEASE]
	at com.loserico.bootmybatisplus.service.impl.UserServiceImpl$$EnhancerBySpringCGLIB$$bda2c521.createUser(<generated>) ~[classes/:na]
	at com.loserico.bootmybatisplus.controller.UserController.createUser(UserController.java:32) ~[classes/:na]
	at sun.reflect.NativeMethodAccessorImpl.invoke0(Native Method) ~[na:1.8.0_251]
	at sun.reflect.NativeMethodAccessorImpl.invoke(NativeMethodAccessorImpl.java:62) ~[na:1.8.0_251]
	at sun.reflect.DelegatingMethodAccessorImpl.invoke(DelegatingMethodAccessorImpl.java:43) ~[na:1.8.0_251]
	at java.lang.reflect.Method.invoke(Method.java:498) ~[na:1.8.0_251]
	at org.springframework.web.method.support.InvocableHandlerMethod.doInvoke(InvocableHandlerMethod.java:190) ~[spring-web-5.2.15.RELEASE.jar:5.2.15.RELEASE]
	at org.springframework.web.method.support.InvocableHandlerMethod.invokeForRequest(InvocableHandlerMethod.java:138) ~[spring-web-5.2.15.RELEASE.jar:5.2.15.RELEASE]
	at org.springframework.web.servlet.mvc.method.annotation.ServletInvocableHandlerMethod.invokeAndHandle(ServletInvocableHandlerMethod.java:105) ~[spring-webmvc-5.2.15.RELEASE.jar:5.2.15.RELEASE]
	at org.springframework.web.servlet.mvc.method.annotation.RequestMappingHandlerAdapter.invokeHandlerMethod(RequestMappingHandlerAdapter.java:878) ~[spring-webmvc-5.2.15.RELEASE.jar:5.2.15.RELEASE]
	at org.springframework.web.servlet.mvc.method.annotation.RequestMappingHandlerAdapter.handleInternal(RequestMappingHandlerAdapter.java:792) ~[spring-webmvc-5.2.15.RELEASE.jar:5.2.15.RELEASE]
	at org.springframework.web.servlet.mvc.method.AbstractHandlerMethodAdapter.handle(AbstractHandlerMethodAdapter.java:87) ~[spring-webmvc-5.2.15.RELEASE.jar:5.2.15.RELEASE]
	at org.springframework.web.servlet.DispatcherServlet.doDispatch(DispatcherServlet.java:1040) ~[spring-webmvc-5.2.15.RELEASE.jar:5.2.15.RELEASE]
	at org.springframework.web.servlet.DispatcherServlet.doService(DispatcherServlet.java:943) ~[spring-webmvc-5.2.15.RELEASE.jar:5.2.15.RELEASE]
	at org.springframework.web.servlet.FrameworkServlet.processRequest(FrameworkServlet.java:1006) ~[spring-webmvc-5.2.15.RELEASE.jar:5.2.15.RELEASE]
	at org.springframework.web.servlet.FrameworkServlet.doPost(FrameworkServlet.java:909) ~[spring-webmvc-5.2.15.RELEASE.jar:5.2.15.RELEASE]
	at javax.servlet.http.HttpServlet.service(HttpServlet.java:652) ~[tomcat-embed-core-9.0.46.jar:4.0.FR]
	at org.springframework.web.servlet.FrameworkServlet.service(FrameworkServlet.java:883) ~[spring-webmvc-5.2.15.RELEASE.jar:5.2.15.RELEASE]
	at javax.servlet.http.HttpServlet.service(HttpServlet.java:733) ~[tomcat-embed-core-9.0.46.jar:4.0.FR]
	at org.apache.catalina.core.ApplicationFilterChain.internalDoFilter(ApplicationFilterChain.java:227) ~[tomcat-embed-core-9.0.46.jar:9.0.46]
	at org.apache.catalina.core.ApplicationFilterChain.doFilter(ApplicationFilterChain.java:162) ~[tomcat-embed-core-9.0.46.jar:9.0.46]
	at org.apache.tomcat.websocket.server.WsFilter.doFilter(WsFilter.java:53) ~[tomcat-embed-websocket-9.0.46.jar:9.0.46]
	at org.apache.catalina.core.ApplicationFilterChain.internalDoFilter(ApplicationFilterChain.java:189) ~[tomcat-embed-core-9.0.46.jar:9.0.46]
	at org.apache.catalina.core.ApplicationFilterChain.doFilter(ApplicationFilterChain.java:162) ~[tomcat-embed-core-9.0.46.jar:9.0.46]
	at org.springframework.web.filter.RequestContextFilter.doFilterInternal(RequestContextFilter.java:100) ~[spring-web-5.2.15.RELEASE.jar:5.2.15.RELEASE]
	at org.springframework.web.filter.OncePerRequestFilter.doFilter(OncePerRequestFilter.java:119) ~[spring-web-5.2.15.RELEASE.jar:5.2.15.RELEASE]
	at org.apache.catalina.core.ApplicationFilterChain.internalDoFilter(ApplicationFilterChain.java:189) ~[tomcat-embed-core-9.0.46.jar:9.0.46]
	at org.apache.catalina.core.ApplicationFilterChain.doFilter(ApplicationFilterChain.java:162) ~[tomcat-embed-core-9.0.46.jar:9.0.46]
	at org.springframework.web.filter.FormContentFilter.doFilterInternal(FormContentFilter.java:93) ~[spring-web-5.2.15.RELEASE.jar:5.2.15.RELEASE]
	at org.springframework.web.filter.OncePerRequestFilter.doFilter(OncePerRequestFilter.java:119) ~[spring-web-5.2.15.RELEASE.jar:5.2.15.RELEASE]
	at org.apache.catalina.core.ApplicationFilterChain.internalDoFilter(ApplicationFilterChain.java:189) ~[tomcat-embed-core-9.0.46.jar:9.0.46]
	at org.apache.catalina.core.ApplicationFilterChain.doFilter(ApplicationFilterChain.java:162) ~[tomcat-embed-core-9.0.46.jar:9.0.46]
	at org.springframework.boot.actuate.metrics.web.servlet.WebMvcMetricsFilter.doFilterInternal(WebMvcMetricsFilter.java:97) ~[spring-boot-actuator-2.3.12.RELEASE.jar:2.3.12.RELEASE]
	at org.springframework.web.filter.OncePerRequestFilter.doFilter(OncePerRequestFilter.java:119) ~[spring-web-5.2.15.RELEASE.jar:5.2.15.RELEASE]
	at org.apache.catalina.core.ApplicationFilterChain.internalDoFilter(ApplicationFilterChain.java:189) ~[tomcat-embed-core-9.0.46.jar:9.0.46]
	at org.apache.catalina.core.ApplicationFilterChain.doFilter(ApplicationFilterChain.java:162) ~[tomcat-embed-core-9.0.46.jar:9.0.46]
	at org.springframework.web.filter.CharacterEncodingFilter.doFilterInternal(CharacterEncodingFilter.java:201) ~[spring-web-5.2.15.RELEASE.jar:5.2.15.RELEASE]
	at org.springframework.web.filter.OncePerRequestFilter.doFilter(OncePerRequestFilter.java:119) ~[spring-web-5.2.15.RELEASE.jar:5.2.15.RELEASE]
	at org.apache.catalina.core.ApplicationFilterChain.internalDoFilter(ApplicationFilterChain.java:189) ~[tomcat-embed-core-9.0.46.jar:9.0.46]
	at org.apache.catalina.core.ApplicationFilterChain.doFilter(ApplicationFilterChain.java:162) ~[tomcat-embed-core-9.0.46.jar:9.0.46]
	at org.apache.catalina.core.StandardWrapperValve.invoke(StandardWrapperValve.java:202) ~[tomcat-embed-core-9.0.46.jar:9.0.46]
	at org.apache.catalina.core.StandardContextValve.invoke(StandardContextValve.java:97) [tomcat-embed-core-9.0.46.jar:9.0.46]
	at org.apache.catalina.authenticator.AuthenticatorBase.invoke(AuthenticatorBase.java:542) [tomcat-embed-core-9.0.46.jar:9.0.46]
	at org.apache.catalina.core.StandardHostValve.invoke(StandardHostValve.java:143) [tomcat-embed-core-9.0.46.jar:9.0.46]
	at org.apache.catalina.valves.ErrorReportValve.invoke(ErrorReportValve.java:92) [tomcat-embed-core-9.0.46.jar:9.0.46]
	at org.apache.catalina.core.StandardEngineValve.invoke(StandardEngineValve.java:78) [tomcat-embed-core-9.0.46.jar:9.0.46]
	at org.apache.catalina.connector.CoyoteAdapter.service(CoyoteAdapter.java:357) [tomcat-embed-core-9.0.46.jar:9.0.46]
	at org.apache.coyote.http11.Http11Processor.service(Http11Processor.java:374) [tomcat-embed-core-9.0.46.jar:9.0.46]
	at org.apache.coyote.AbstractProcessorLight.process(AbstractProcessorLight.java:65) [tomcat-embed-core-9.0.46.jar:9.0.46]
	at org.apache.coyote.AbstractProtocol$ConnectionHandler.process(AbstractProtocol.java:893) [tomcat-embed-core-9.0.46.jar:9.0.46]
	at org.apache.tomcat.util.net.NioEndpoint$SocketProcessor.doRun(NioEndpoint.java:1707) [tomcat-embed-core-9.0.46.jar:9.0.46]
	at org.apache.tomcat.util.net.SocketProcessorBase.run(SocketProcessorBase.java:49) [tomcat-embed-core-9.0.46.jar:9.0.46]
	at java.util.concurrent.ThreadPoolExecutor.runWorker(ThreadPoolExecutor.java:1149) [na:1.8.0_251]
	at java.util.concurrent.ThreadPoolExecutor$Worker.run(ThreadPoolExecutor.java:624) [na:1.8.0_251]
	at org.apache.tomcat.util.threads.TaskThread$WrappingRunnable.run(TaskThread.java:61) [tomcat-embed-core-9.0.46.jar:9.0.46]
	at java.lang.Thread.run(Thread.java:748) [na:1.8.0_251]

2023-04-17 21:10:10.270  INFO 16472 --- [SpringContextShutdownHook] o.s.s.concurrent.ThreadPoolTaskExecutor  : Shutting down ExecutorService 'applicationTaskExecutor'
2023-04-17 21:10:10.270  INFO 16472 --- [SpringContextShutdownHook] com.alibaba.druid.pool.DruidDataSource   : {dataSource-1} closing ...
2023-04-17 21:10:10.280  INFO 16472 --- [SpringContextShutdownHook] com.alibaba.druid.pool.DruidDataSource   : {dataSource-1} closed
